Ansys Lumerical 2022 R1 FDTD Solver Version 8.27.2898 (Windows 64bit)
 expires (month/day/year): 1/22/2023
using config file: C:/Users/Photonics/AppData/Roaming/Lumerical/License.ini
license host: 10.230.10.33
current time: Mon Sep 12 08:24:17 2022
Running on host: DESKTOP-27TFSEM
host available memory (GB): 110.892847
All processes are communicating and ready to proceed to simulation...
Running fsp file: C:\Program Files\Lumerical\v221\bin\fdtd-engine-msmpi.exe -t 1 -remote C:/Users/Photonics/Documents/Github/PolSplitter_Optimization/Simulations/FDTD/superopt_0/opts_0/adjoint_0.fsp
Starting meshing
Simulation size in gridpoints: 1 x 52 x 29
Refined 0 mesh cells (0%)
Completed meshing!
Meshing complete in 0.03125 seconds of CPU time
Starting meshing
Simulation size in gridpoints: 1 x 52 x 29
Refined 0 mesh cells (0%)
Completed meshing!
Meshing complete in 0.015625 seconds of CPU time
Starting meshing
Simulation size in gridpoints: 1 x 52 x 29
Refined 0 mesh cells (0%)
Completed meshing!
Meshing complete in 0.015625 seconds of CPU time
number of processors is 5
processors are distributed as: 5x1x1
Running 3D Simulation
Starting meshing
Simulation size in gridpoints: 71 x 236 x 43
Refined 0 mesh cells (0%)
Completed meshing!
Meshing complete in 0.703125 seconds of CPU time
0 0
Starting meshing
Simulation size in gridpoints: 71 x 236 x 43
Refined 0 mesh cells (0%)
Completed meshing!
Meshing complete in 0.609375 seconds of CPU time
0 0
Starting meshing
Simulation size in gridpoints: 71 x 236 x 43
Refined 0 mesh cells (0%)
Completed meshing!
Meshing complete in 0.5 seconds of CPU time
0 0
finished material properties
Meshing Time: 1.26797 seconds, Init Electrical Material Time: 0.0942791 seconds, Init Magnetic Material Time: 0.0037132
Using selected optimization level: 2
Selecting 3d kernel for splitFieldDirection=0 and optLevel=2
-----------------------------------------
Beginning initialization of 3D Simulation
Starting to add sources to simulation
Adding 3D Mode source propagating in X
Starting to add boundary conditions to simulation
Adding 3D PML BC
Adding 3D Parallel BC
Adding 3D PML BC
Adding 3D PML BC
Adding 3D Anti-Symmetric BC
Adding 3D PML BC
Starting to add monitors to Simulation
Adding analysis monitor
Adding 3D DFT monitor
Adding 3D DFT monitor
Adding 3D index monitor
Finished initialization of 3D Simulation
-----------------------------------------
All processes are communicating and ready to proceed to simulation...
Starting 26225 total iterations
0.183031% complete. Max time remaining: 28 mins, 8 secs. Auto Shutoff: 1
1.22021% complete. Max time remaining: 28 mins, 43 secs. Auto Shutoff: 1
2.25738% complete. Max time remaining: 28 mins, 28 secs. Auto Shutoff: 1
3.29456% complete. Max time remaining: 28 mins, 17 secs. Auto Shutoff: 1
4.33174% complete. Max time remaining: 28 mins, 4 secs. Auto Shutoff: 1
5.36891% complete. Max time remaining: 27 mins, 50 secs. Auto Shutoff: 1
6.40609% complete. Max time remaining: 27 mins, 37 secs. Auto Shutoff: 1.00283
7.44327% complete. Max time remaining: 27 mins, 22 secs. Auto Shutoff: 0.916604
8.48045% complete. Max time remaining: 27 mins, 5 secs. Auto Shutoff: 0.812042
9.51762% complete. Max time remaining: 26 mins, 47 secs. Auto Shutoff: 0.748525
10.5548% complete. Max time remaining: 26 mins, 29 secs. Auto Shutoff: 0.588228
11.592% complete. Max time remaining: 26 mins, 10 secs. Auto Shutoff: 0.328314
12.6292% complete. Max time remaining: 25 mins, 53 secs. Auto Shutoff: 0.128849
13.6663% complete. Max time remaining: 25 mins, 35 secs. Auto Shutoff: 0.00888736
14.7035% complete. Max time remaining: 25 mins, 15 secs. Auto Shutoff: 0.00126411
15.7407% complete. Max time remaining: 24 mins, 56 secs. Auto Shutoff: 0.000984633
16.7779% complete. Max time remaining: 24 mins, 39 secs. Auto Shutoff: 0.000882104
17.815% complete. Max time remaining: 24 mins, 20 secs. Auto Shutoff: 0.000686663
18.8522% complete. Max time remaining: 24 mins, 2 secs. Auto Shutoff: 0.000419122
19.8894% complete. Max time remaining: 23 mins, 43 secs. Auto Shutoff: 0.000229083
20.9266% complete. Max time remaining: 23 mins, 25 secs. Auto Shutoff: 5.69886e-05
21.9637% complete. Max time remaining: 23 mins, 8 secs. Auto Shutoff: 1.00757e-05
100% complete. Max time remaining: 0 mins, 0 secs. Auto Shutoff: 6.42828e-06
Early termination of simulation, the autoshutoff criteria are satisfied.
Completed 5845 iterations, or 2.228786e-13s of Simulation Time
Process 0 starting to collect data
    collecting monitor data
    collecting source data
Finished collecting data
Simulation completed successfully at: Mon Sep 12 08:31:12 2022
Overall wall time measurements in seconds: 430.262
    time to mesh and initialize: 6.03905
    time to run FDTD simulation: 395.715
    time to checkpoint simulation: 7e-07
    time to finalize data and save to files: 13.0643
    miscellaneous time: 15.4437
    FDTD solver speed on process 0: 10.6424 Mnodes/s
    total FDTD solver speed on 5 processes: 53.2122 Mnodes/s
