Ansys Lumerical 2022 R1 FDTD Solver Version 8.27.2898 (Windows 64bit)
 expires (month/day/year): 1/22/2023
using config file: C:/Users/Photonics/AppData/Roaming/Lumerical/License.ini
license host: 10.230.10.33
current time: Mon Sep 12 08:24:17 2022
Running on host: DESKTOP-27TFSEM
host available memory (GB): 110.892835
All processes are communicating and ready to proceed to simulation...
Running fsp file: C:\Program Files\Lumerical\v221\bin\fdtd-engine-msmpi.exe -t 1 -remote C:/Users/Photonics/Documents/Github/PolSplitter_Optimization/Simulations/FDTD/superopt_0/opts_0/forward_0.fsp
Starting meshing
Simulation size in gridpoints: 1 x 222 x 23
Refined 0 mesh cells (0%)
Completed meshing!
Meshing complete in 0.015625 seconds of CPU time
Starting meshing
Simulation size in gridpoints: 1 x 222 x 23
Refined 0 mesh cells (0%)
Completed meshing!
Meshing complete in 0.015625 seconds of CPU time
Starting meshing
Simulation size in gridpoints: 1 x 222 x 23
Refined 0 mesh cells (0%)
Completed meshing!
Meshing complete in 0.015625 seconds of CPU time
number of processors is 5
processors are distributed as: 5x1x1
Running 3D Simulation
Starting meshing
Simulation size in gridpoints: 71 x 236 x 43
Refined 0 mesh cells (0%)
Completed meshing!
Meshing complete in 0.71875 seconds of CPU time
0 0
Starting meshing
Simulation size in gridpoints: 71 x 236 x 43
Refined 0 mesh cells (0%)
Completed meshing!
Meshing complete in 0.671875 seconds of CPU time
0 0
Starting meshing
Simulation size in gridpoints: 71 x 236 x 43
Refined 0 mesh cells (0%)
Completed meshing!
Meshing complete in 0.4375 seconds of CPU time
0 0
finished material properties
Meshing Time: 1.23637 seconds, Init Electrical Material Time: 0.125175 seconds, Init Magnetic Material Time: 0.0037542
Using selected optimization level: 2
Selecting 3d kernel for splitFieldDirection=0 and optLevel=2
-----------------------------------------
Beginning initialization of 3D Simulation
Starting to add sources to simulation
Adding 3D Mode source propagating in X
Starting to add boundary conditions to simulation
Adding 3D PML BC
Adding 3D Parallel BC
Adding 3D PML BC
Adding 3D PML BC
Adding 3D Anti-Symmetric BC
Adding 3D PML BC
Starting to add monitors to Simulation
Adding analysis monitor
Adding 3D DFT monitor
Adding 3D DFT monitor
Adding 3D index monitor
Finished initialization of 3D Simulation
-----------------------------------------
All processes are communicating and ready to proceed to simulation...
Starting 26225 total iterations
0.122021% complete. Max time remaining: 30 mins, 7 secs. Auto Shutoff: 1
1.1592% complete. Max time remaining: 29 mins, 19 secs. Auto Shutoff: 1
2.19637% complete. Max time remaining: 28 mins, 56 secs. Auto Shutoff: 1
3.23355% complete. Max time remaining: 28 mins, 36 secs. Auto Shutoff: 1
4.27073% complete. Max time remaining: 28 mins, 20 secs. Auto Shutoff: 1
5.3079% complete. Max time remaining: 27 mins, 58 secs. Auto Shutoff: 1
6.34508% complete. Max time remaining: 27 mins, 40 secs. Auto Shutoff: 0.960141
7.38226% complete. Max time remaining: 27 mins, 22 secs. Auto Shutoff: 0.91615
8.41943% complete. Max time remaining: 27 mins, 5 secs. Auto Shutoff: 0.888962
9.45661% complete. Max time remaining: 26 mins, 46 secs. Auto Shutoff: 0.802295
10.4938% complete. Max time remaining: 26 mins, 27 secs. Auto Shutoff: 0.638546
11.531% complete. Max time remaining: 26 mins, 8 secs. Auto Shutoff: 0.36579
12.5681% complete. Max time remaining: 25 mins, 50 secs. Auto Shutoff: 0.162216
13.6053% complete. Max time remaining: 25 mins, 32 secs. Auto Shutoff: 0.0187788
14.6425% complete. Max time remaining: 25 mins, 16 secs. Auto Shutoff: 0.00235374
15.6797% complete. Max time remaining: 24 mins, 57 secs. Auto Shutoff: 0.00147389
16.7168% complete. Max time remaining: 24 mins, 39 secs. Auto Shutoff: 0.000789494
17.754% complete. Max time remaining: 24 mins, 20 secs. Auto Shutoff: 0.00042569
18.7912% complete. Max time remaining: 24 mins, 2 secs. Auto Shutoff: 0.000286754
19.8284% complete. Max time remaining: 23 mins, 43 secs. Auto Shutoff: 0.000130037
20.8656% complete. Max time remaining: 23 mins, 25 secs. Auto Shutoff: 3.82516e-05
21.9027% complete. Max time remaining: 23 mins, 7 secs. Auto Shutoff: 8.62811e-06
100% complete. Max time remaining: 0 mins, 0 secs. Auto Shutoff: 8.62811e-06
Early termination of simulation, the autoshutoff criteria are satisfied.
Completed 5744 iterations, or 2.190273e-13s of Simulation Time
Process 0 starting to collect data
    collecting monitor data
    collecting source data
Finished collecting data
Simulation completed successfully at: Mon Sep 12 08:31:08 2022
Overall wall time measurements in seconds: 425.788
    time to mesh and initialize: 6.25168
    time to run FDTD simulation: 389.01
    time to checkpoint simulation: 9e-07
    time to finalize data and save to files: 14.2382
    miscellaneous time: 16.2886
    FDTD solver speed on process 0: 10.6388 Mnodes/s
    total FDTD solver speed on 5 processes: 53.194 Mnodes/s
