Ansys Lumerical 2022 R1 FDTD Solver Version 8.27.2898 (Windows 64bit)
 expires (month/day/year): 1/22/2023
using config file: C:/Users/Photonics/AppData/Roaming/Lumerical/License.ini
license host: 10.230.10.33
current time: Mon Sep 12 22:28:29 2022
Running on host: DESKTOP-27TFSEM
host available memory (GB): 107.176886
All processes are communicating and ready to proceed to simulation...
Running fsp file: C:\Program Files\Lumerical\v221\bin\fdtd-engine-msmpi.exe -t 1 -remote C:/Users/Photonics/Documents/Github/PolSplitter_Optimization/Simulations/FDTD/superopt_LBFGSB_base/TE_HR.fsp
Starting meshing
Simulation size in gridpoints: 1 x 228 x 96
Refined 0 mesh cells (0%)
Completed meshing!
Meshing complete in 0.03125 seconds of CPU time
Starting meshing
Simulation size in gridpoints: 1 x 228 x 96
Refined 0 mesh cells (0%)
Completed meshing!
Meshing complete in 0.046875 seconds of CPU time
Starting meshing
Simulation size in gridpoints: 1 x 228 x 96
Refined 0 mesh cells (0%)
Completed meshing!
Meshing complete in 0.03125 seconds of CPU time
Starting meshing
Simulation size in gridpoints: 1 x 228 x 96
Refined 0 mesh cells (0%)
Completed meshing!
Meshing complete in 0.015625 seconds of CPU time
Starting meshing
Simulation size in gridpoints: 1 x 228 x 96
Refined 0 mesh cells (0%)
Completed meshing!
Meshing complete in 0.03125 seconds of CPU time
Starting meshing
Simulation size in gridpoints: 1 x 228 x 96
Refined 0 mesh cells (0%)
Completed meshing!
Meshing complete in 0.03125 seconds of CPU time
left is a duplicate key.
bottom is a duplicate key.
z1 is a duplicate key.
z2 is a duplicate key.
Nx is a duplicate key.
Ny is a duplicate key.
Nz is a duplicate key.
Starting meshing
Simulation size in gridpoints: 1 x 102 x 96
Refined 0 mesh cells (0%)
Completed meshing!
Meshing complete in 0.03125 seconds of CPU time
Starting meshing
Simulation size in gridpoints: 1 x 102 x 96
Refined 0 mesh cells (0%)
Completed meshing!
Meshing complete in 0.015625 seconds of CPU time
Starting meshing
Simulation size in gridpoints: 1 x 102 x 96
Refined 0 mesh cells (0%)
Completed meshing!
Meshing complete in 0.03125 seconds of CPU time
left is a duplicate key.
bottom is a duplicate key.
z1 is a duplicate key.
z2 is a duplicate key.
Nx is a duplicate key.
Ny is a duplicate key.
Nz is a duplicate key.
Starting meshing
Simulation size in gridpoints: 1 x 102 x 96
Refined 0 mesh cells (0%)
Completed meshing!
Meshing complete in 0.03125 seconds of CPU time
Starting meshing
Simulation size in gridpoints: 1 x 102 x 96
Refined 0 mesh cells (0%)
Completed meshing!
Meshing complete in 0.015625 seconds of CPU time
Starting meshing
Simulation size in gridpoints: 1 x 102 x 96
Refined 0 mesh cells (0%)
Completed meshing!
Meshing complete in 0.03125 seconds of CPU time
left is a duplicate key.
bottom is a duplicate key.
z1 is a duplicate key.
z2 is a duplicate key.
Nx is a duplicate key.
Ny is a duplicate key.
Nz is a duplicate key.
number of processors is 10
processors are distributed as: 5x2x1
Running 3D Simulation
Starting meshing
Simulation size in gridpoints: 133 x 139 x 110
Refined 0 mesh cells (0%)
Completed meshing!
Meshing complete in 1.5 seconds of CPU time
0 0
Starting meshing
Simulation size in gridpoints: 133 x 139 x 110
Refined 0 mesh cells (0%)
Completed meshing!
Meshing complete in 1.92188 seconds of CPU time
0 0
Starting meshing
Simulation size in gridpoints: 133 x 139 x 110
Refined 0 mesh cells (0%)
Completed meshing!
Meshing complete in 1.85938 seconds of CPU time
0 0
finished material properties
Meshing Time: 3.55545 seconds, Init Electrical Material Time: 0.2481 seconds, Init Magnetic Material Time: 0.0101246
Using selected optimization level: 2
Selecting 3d kernel for splitFieldDirection=0 and optLevel=2
-----------------------------------------
Beginning initialization of 3D Simulation
Starting to add sources to simulation
Adding 3D Mode source propagating in X
Using frequency dependent profile
Starting to add boundary conditions to simulation
Adding 3D PML BC
Adding 3D Parallel BC
Adding 3D PML BC
Adding 3D Parallel BC
Adding 3D PML BC
Adding 3D PML BC
Starting to add monitors to Simulation
Adding analysis monitor
Adding 3D DFT monitor
Adding 3D DFT monitor
Adding 3D DFT monitor
Adding 3D DFT monitor
Finished initialization of 3D Simulation
-----------------------------------------
All processes are communicating and ready to proceed to simulation...
Starting 52450 total iterations
0.0610104% complete. Max time remaining: 1 hr, 23 mins, 11 secs. Auto Shutoff: 1
1.06768% complete. Max time remaining: 2 hrs, 35 secs. Auto Shutoff: 1
2.07435% complete. Max time remaining: 2 hrs, 44 mins, 49 secs. Auto Shutoff: 1
3.08102% complete. Max time remaining: 2 hrs, 59 mins, 32 secs. Auto Shutoff: 1
4.0877% complete. Max time remaining: 3 hrs, 6 mins, 9 secs. Auto Shutoff: 1
5.09437% complete. Max time remaining: 3 hrs, 9 mins, 2 secs. Auto Shutoff: 1
6.10867% complete. Max time remaining: 3 hrs, 4 mins, 43 secs. Auto Shutoff: 1
7.11534% complete. Max time remaining: 2 hrs, 58 mins, 58 secs. Auto Shutoff: 1
8.12201% complete. Max time remaining: 2 hrs, 48 mins, 49 secs. Auto Shutoff: 0.981258
9.12868% complete. Max time remaining: 2 hrs, 40 mins, 32 secs. Auto Shutoff: 0.960919
10.1354% complete. Max time remaining: 2 hrs, 33 mins, 39 secs. Auto Shutoff: 0.958017
11.142% complete. Max time remaining: 2 hrs, 27 mins, 49 secs. Auto Shutoff: 0.933026
12.1487% complete. Max time remaining: 2 hrs, 22 mins, 44 secs. Auto Shutoff: 0.72847
13.1554% complete. Max time remaining: 2 hrs, 18 mins, 25 secs. Auto Shutoff: 0.182043
14.162% complete. Max time remaining: 2 hrs, 14 mins, 31 secs. Auto Shutoff: 0.0424385
15.1687% complete. Max time remaining: 2 hrs, 10 mins, 59 secs. Auto Shutoff: 0.0252911
16.1754% complete. Max time remaining: 2 hrs, 7 mins, 43 secs. Auto Shutoff: 0.0144783
17.1821% complete. Max time remaining: 2 hrs, 4 mins, 43 secs. Auto Shutoff: 0.00827494
18.1887% complete. Max time remaining: 2 hrs, 1 min, 54 secs. Auto Shutoff: 0.00552871
19.1954% complete. Max time remaining: 1 hr, 59 mins, 15 secs. Auto Shutoff: 0.00242027
20.2021% complete. Max time remaining: 1 hr, 56 mins, 46 secs. Auto Shutoff: 0.00076729
21.2087% complete. Max time remaining: 1 hr, 54 mins, 50 secs. Auto Shutoff: 0.000278969
22.2154% complete. Max time remaining: 1 hr, 55 mins, 52 secs. Auto Shutoff: 0.000149723
23.2297% complete. Max time remaining: 1 hr, 56 mins, 7 secs. Auto Shutoff: 9.68238e-05
24.2364% complete. Max time remaining: 1 hr, 54 mins, 49 secs. Auto Shutoff: 7.60328e-05
25.2431% complete. Max time remaining: 1 hr, 51 mins, 31 secs. Auto Shutoff: 3.33614e-05
26.2497% complete. Max time remaining: 1 hr, 47 mins, 56 secs. Auto Shutoff: 2.25883e-05
27.2564% complete. Max time remaining: 1 hr, 45 mins, 58 secs. Auto Shutoff: 1.39309e-05
100% complete. Max time remaining: 0 mins, 0 secs. Auto Shutoff: 9.21724e-06
Early termination of simulation, the autoshutoff criteria are satisfied.
Completed 14445 iterations, or 2.754047e-13s of Simulation Time
Process 0 starting to collect data
    collecting monitor data
    collecting source data
Using frequency dependent profile
Finished collecting data
left is a duplicate key.
bottom is a duplicate key.
z1 is a duplicate key.
z2 is a duplicate key.
Nx is a duplicate key.
Ny is a duplicate key.
Nz is a duplicate key.
left is a duplicate key.
bottom is a duplicate key.
z1 is a duplicate key.
z2 is a duplicate key.
Nx is a duplicate key.
Ny is a duplicate key.
Nz is a duplicate key.
left is a duplicate key.
bottom is a duplicate key.
z1 is a duplicate key.
z2 is a duplicate key.
Nx is a duplicate key.
Ny is a duplicate key.
Nz is a duplicate key.
Simulation completed successfully at: Mon Sep 12 23:10:23 2022
Overall wall time measurements in seconds: 2539.33
    time to mesh and initialize: 10.4786
    time to run FDTD simulation: 2409.99
    time to checkpoint simulation: 7e-07
    time to finalize data and save to files: 15.103
    miscellaneous time: 103.758
    FDTD solver speed on process 0: 12.1888 Mnodes/s
    total FDTD solver speed on 10 processes: 121.888 Mnodes/s
