Ansys Lumerical 2022 R1 FDTD Solver Version 8.27.2898 (Windows 64bit)
 expires (month/day/year): 1/22/2023
using config file: C:/Users/Photonics/AppData/Roaming/Lumerical/License.ini
license host: 10.230.10.33
current time: Tue Sep 13 21:58:36 2022
Running on host: DESKTOP-27TFSEM
host available memory (GB): 107.894391
All processes are communicating and ready to proceed to simulation...
Running fsp file: C:\Program Files\Lumerical\v221\bin\fdtd-engine-msmpi.exe -t 1 -remote C:/Users/Photonics/Documents/Github/PolSplitter_Optimization/Simulations/FDTD/superopt_1/opts_1/forward_0.fsp
Starting meshing
Simulation size in gridpoints: 1 x 222 x 23
Refined 0 mesh cells (0%)
Completed meshing!
Meshing complete in 0.015625 seconds of CPU time
Starting meshing
Simulation size in gridpoints: 1 x 222 x 23
Refined 0 mesh cells (0%)
Completed meshing!
Meshing complete in 0.015625 seconds of CPU time
Starting meshing
Simulation size in gridpoints: 1 x 222 x 23
Refined 0 mesh cells (0%)
Completed meshing!
Meshing complete in 0.03125 seconds of CPU time
number of processors is 10
processors are distributed as: 5x2x1
Running 3D Simulation
Starting meshing
Simulation size in gridpoints: 71 x 119 x 43
Refined 0 mesh cells (0%)
Completed meshing!
Meshing complete in 0.390625 seconds of CPU time
0 0
Starting meshing
Simulation size in gridpoints: 71 x 119 x 43
Refined 0 mesh cells (0%)
Completed meshing!
Meshing complete in 0.390625 seconds of CPU time
0 0
Starting meshing
Simulation size in gridpoints: 71 x 119 x 43
Refined 0 mesh cells (0%)
Completed meshing!
Meshing complete in 0.359375 seconds of CPU time
0 0
finished material properties
Meshing Time: 0.78715 seconds, Init Electrical Material Time: 0.0710458 seconds, Init Magnetic Material Time: 0.0022842
Using selected optimization level: 2
Selecting 3d kernel for splitFieldDirection=0 and optLevel=2
-----------------------------------------
Beginning initialization of 3D Simulation
Starting to add sources to simulation
Adding 3D Mode source propagating in X
Starting to add boundary conditions to simulation
Adding 3D PML BC
Adding 3D Parallel BC
Adding 3D PML BC
Adding 3D Parallel BC
Adding 3D Symmetric BC
Adding 3D PML BC
Starting to add monitors to Simulation
Adding analysis monitor
Adding 3D DFT monitor
Adding 3D DFT monitor
Adding 3D index monitor
Finished initialization of 3D Simulation
-----------------------------------------
All processes are communicating and ready to proceed to simulation...
Starting 26225 total iterations
0.183031% complete. Max time remaining: 14 mins, 58 secs. Auto Shutoff: 1
1.28122% complete. Max time remaining: 14 mins, 27 secs. Auto Shutoff: 1
2.37941% complete. Max time remaining: 14 mins, 19 secs. Auto Shutoff: 1
3.47759% complete. Max time remaining: 14 mins, 8 secs. Auto Shutoff: 1
4.57578% complete. Max time remaining: 13 mins, 58 secs. Auto Shutoff: 1
5.67397% complete. Max time remaining: 13 mins, 49 secs. Auto Shutoff: 1
6.89417% complete. Max time remaining: 13 mins, 37 secs. Auto Shutoff: 1.11438
7.99236% complete. Max time remaining: 13 mins, 27 secs. Auto Shutoff: 1.12705
9.09055% complete. Max time remaining: 13 mins, 17 secs. Auto Shutoff: 0.874252
10.1887% complete. Max time remaining: 13 mins, 8 secs. Auto Shutoff: 0.845739
11.2869% complete. Max time remaining: 12 mins, 58 secs. Auto Shutoff: 0.741078
12.3851% complete. Max time remaining: 12 mins, 48 secs. Auto Shutoff: 0.20213
13.4833% complete. Max time remaining: 12 mins, 38 secs. Auto Shutoff: 0.0340834
14.5815% complete. Max time remaining: 12 mins, 29 secs. Auto Shutoff: 0.0263551
15.6797% complete. Max time remaining: 12 mins, 20 secs. Auto Shutoff: 0.0148538
16.7779% complete. Max time remaining: 12 mins, 10 secs. Auto Shutoff: 0.00813202
17.876% complete. Max time remaining: 12 mins, 1 secs. Auto Shutoff: 0.00717411
18.9742% complete. Max time remaining: 11 mins, 51 secs. Auto Shutoff: 0.0037109
20.0724% complete. Max time remaining: 11 mins, 42 secs. Auto Shutoff: 0.00122497
21.1706% complete. Max time remaining: 11 mins, 20 secs. Auto Shutoff: 0.000461428
22.3908% complete. Max time remaining: 10 mins, 56 secs. Auto Shutoff: 0.000199757
23.611% complete. Max time remaining: 10 mins, 33 secs. Auto Shutoff: 0.000135417
24.8312% complete. Max time remaining: 10 mins, 11 secs. Auto Shutoff: 7.58554e-05
26.0514% complete. Max time remaining: 9 mins, 51 secs. Auto Shutoff: 3.15602e-05
27.2716% complete. Max time remaining: 9 mins, 33 secs. Auto Shutoff: 2.05854e-05
100% complete. Max time remaining: 0 mins, 0 secs. Auto Shutoff: 8.53872e-06
Early termination of simulation, the autoshutoff criteria are satisfied.
Completed 7360 iterations, or 2.806478e-13s of Simulation Time
Process 0 starting to collect data
    collecting monitor data
    collecting source data
Finished collecting data
Simulation completed successfully at: Tue Sep 13 22:02:28 2022
Overall wall time measurements in seconds: 258.222
    time to mesh and initialize: 3.82155
    time to run FDTD simulation: 218.819
    time to checkpoint simulation: 9e-07
    time to finalize data and save to files: 8.41975
    miscellaneous time: 27.1614
    FDTD solver speed on process 0: 12.2199 Mnodes/s
    total FDTD solver speed on 10 processes: 122.199 Mnodes/s
