Ansys Lumerical 2022 R1 FDTD Solver Version 8.27.2898 (Windows 64bit)
 expires (month/day/year): 1/22/2023
using config file: C:/Users/Photonics/AppData/Roaming/Lumerical/License.ini
license host: 10.230.10.33
current time: Sat Sep 17 18:27:29 2022
Running on host: DESKTOP-27TFSEM
host available memory (GB): 121.744114
All processes are communicating and ready to proceed to simulation...
Running fsp file: C:\Program Files\Lumerical\v221\bin\fdtd-engine-msmpi.exe -t 1 -remote C:/Users/Photonics/Documents/Github/PolSplitter_Optimization/Simulations/FDTD/superopt_LBFGSB_st3D_step2/TE_HR.fsp
Starting meshing
Simulation size in gridpoints: 1 x 228 x 96
Refined 0 mesh cells (0%)
Completed meshing!
Meshing complete in 0.03125 seconds of CPU time
Starting meshing
Simulation size in gridpoints: 1 x 228 x 96
Refined 0 mesh cells (0%)
Completed meshing!
Meshing complete in 0.015625 seconds of CPU time
Starting meshing
Simulation size in gridpoints: 1 x 228 x 96
Refined 0 mesh cells (0%)
Completed meshing!
Meshing complete in 0.03125 seconds of CPU time
Starting meshing
Simulation size in gridpoints: 1 x 228 x 96
Refined 0 mesh cells (0%)
Completed meshing!
Meshing complete in 0.03125 seconds of CPU time
Starting meshing
Simulation size in gridpoints: 1 x 228 x 96
Refined 0 mesh cells (0%)
Completed meshing!
Meshing complete in 0.03125 seconds of CPU time
Starting meshing
Simulation size in gridpoints: 1 x 228 x 96
Refined 0 mesh cells (0%)
Completed meshing!
Meshing complete in 0.015625 seconds of CPU time
left is a duplicate key.
bottom is a duplicate key.
z1 is a duplicate key.
z2 is a duplicate key.
Nx is a duplicate key.
Ny is a duplicate key.
Nz is a duplicate key.
Starting meshing
Simulation size in gridpoints: 1 x 102 x 96
Refined 0 mesh cells (0%)
Completed meshing!
Meshing complete in 0.03125 seconds of CPU time
Starting meshing
Simulation size in gridpoints: 1 x 102 x 96
Refined 0 mesh cells (0%)
Completed meshing!
Meshing complete in 0.015625 seconds of CPU time
Starting meshing
Simulation size in gridpoints: 1 x 102 x 96
Refined 0 mesh cells (0%)
Completed meshing!
Meshing complete in 0.03125 seconds of CPU time
left is a duplicate key.
bottom is a duplicate key.
z1 is a duplicate key.
z2 is a duplicate key.
Nx is a duplicate key.
Ny is a duplicate key.
Nz is a duplicate key.
Starting meshing
Simulation size in gridpoints: 1 x 102 x 96
Refined 0 mesh cells (0%)
Completed meshing!
Meshing complete in 0.03125 seconds of CPU time
Starting meshing
Simulation size in gridpoints: 1 x 102 x 96
Refined 0 mesh cells (0%)
Completed meshing!
Meshing complete in 0.015625 seconds of CPU time
Starting meshing
Simulation size in gridpoints: 1 x 102 x 96
Refined 0 mesh cells (0%)
Completed meshing!
Meshing complete in 0.03125 seconds of CPU time
left is a duplicate key.
bottom is a duplicate key.
z1 is a duplicate key.
z2 is a duplicate key.
Nx is a duplicate key.
Ny is a duplicate key.
Nz is a duplicate key.
number of processors is 10
processors are distributed as: 5x2x1
Running 3D Simulation
Starting meshing
Simulation size in gridpoints: 133 x 139 x 110
Refined 0 mesh cells (0%)
Completed meshing!
Meshing complete in 1.42188 seconds of CPU time
0 0
Starting meshing
Simulation size in gridpoints: 133 x 139 x 110
Refined 0 mesh cells (0%)
Completed meshing!
Meshing complete in 1.4375 seconds of CPU time
0 0
Starting meshing
Simulation size in gridpoints: 133 x 139 x 110
Refined 0 mesh cells (0%)
Completed meshing!
Meshing complete in 1.42188 seconds of CPU time
0 0
finished material properties
Meshing Time: 2.99059 seconds, Init Electrical Material Time: 0.216232 seconds, Init Magnetic Material Time: 0.0098811
Using selected optimization level: 2
Selecting 3d kernel for splitFieldDirection=0 and optLevel=2
-----------------------------------------
Beginning initialization of 3D Simulation
Starting to add sources to simulation
Adding 3D Mode source propagating in X
Using frequency dependent profile
Starting to add boundary conditions to simulation
Adding 3D PML BC
Adding 3D Parallel BC
Adding 3D PML BC
Adding 3D Parallel BC
Adding 3D PML BC
Adding 3D PML BC
Starting to add monitors to Simulation
Adding analysis monitor
Adding 3D DFT monitor
Adding 3D DFT monitor
Adding 3D DFT monitor
Adding 3D DFT monitor
Finished initialization of 3D Simulation
-----------------------------------------
All processes are communicating and ready to proceed to simulation...
Starting 52450 total iterations
0.0610104% complete. Max time remaining: 1 hr, 19 mins, 54 secs. Auto Shutoff: 1
1.06768% complete. Max time remaining: 1 hr, 20 mins, 33 secs. Auto Shutoff: 1
2.07435% complete. Max time remaining: 1 hr, 35 mins, 47 secs. Auto Shutoff: 1
3.08102% complete. Max time remaining: 1 hr, 42 mins, 52 secs. Auto Shutoff: 1
4.0877% complete. Max time remaining: 1 hr, 46 mins, 17 secs. Auto Shutoff: 1
5.09437% complete. Max time remaining: 1 hr, 47 mins, 37 secs. Auto Shutoff: 1
6.10104% complete. Max time remaining: 1 hr, 47 mins, 10 secs. Auto Shutoff: 1
7.10771% complete. Max time remaining: 1 hr, 45 mins, 31 secs. Auto Shutoff: 1
8.11438% complete. Max time remaining: 1 hr, 44 mins, 13 secs. Auto Shutoff: 1.02261
9.12105% complete. Max time remaining: 1 hr, 43 mins, 30 secs. Auto Shutoff: 0.962683
10.1277% complete. Max time remaining: 1 hr, 42 mins, 42 secs. Auto Shutoff: 0.94672
11.1344% complete. Max time remaining: 1 hr, 41 mins, 49 secs. Auto Shutoff: 0.915112
12.1411% complete. Max time remaining: 1 hr, 40 mins, 54 secs. Auto Shutoff: 0.667166
13.1477% complete. Max time remaining: 1 hr, 39 mins, 57 secs. Auto Shutoff: 0.144684
14.1544% complete. Max time remaining: 1 hr, 38 mins, 57 secs. Auto Shutoff: 0.0332695
15.1611% complete. Max time remaining: 1 hr, 37 mins, 57 secs. Auto Shutoff: 0.0189858
16.1678% complete. Max time remaining: 1 hr, 36 mins, 54 secs. Auto Shutoff: 0.00982385
17.1744% complete. Max time remaining: 1 hr, 36 mins, 9 secs. Auto Shutoff: 0.00572835
18.1811% complete. Max time remaining: 1 hr, 35 mins, 18 secs. Auto Shutoff: 0.0044467
19.1878% complete. Max time remaining: 1 hr, 34 mins, 15 secs. Auto Shutoff: 0.00140524
20.1944% complete. Max time remaining: 1 hr, 33 mins, 7 secs. Auto Shutoff: 0.000474705
21.2011% complete. Max time remaining: 1 hr, 31 mins, 59 secs. Auto Shutoff: 0.000222976
22.2078% complete. Max time remaining: 1 hr, 30 mins, 52 secs. Auto Shutoff: 0.000125001
23.2145% complete. Max time remaining: 1 hr, 29 mins, 44 secs. Auto Shutoff: 7.67273e-05
24.2211% complete. Max time remaining: 1 hr, 27 mins, 53 secs. Auto Shutoff: 4.676e-05
25.2278% complete. Max time remaining: 1 hr, 25 mins, 30 secs. Auto Shutoff: 3.19614e-05
26.2345% complete. Max time remaining: 1 hr, 23 mins, 15 secs. Auto Shutoff: 1.44818e-05
100% complete. Max time remaining: 0 mins, 0 secs. Auto Shutoff: 9.264e-06
Early termination of simulation, the autoshutoff criteria are satisfied.
Completed 14041 iterations, or 2.677022e-13s of Simulation Time
Process 0 starting to collect data
    collecting monitor data
    collecting source data
Using frequency dependent profile
Finished collecting data
left is a duplicate key.
bottom is a duplicate key.
z1 is a duplicate key.
z2 is a duplicate key.
Nx is a duplicate key.
Ny is a duplicate key.
Nz is a duplicate key.
left is a duplicate key.
bottom is a duplicate key.
z1 is a duplicate key.
z2 is a duplicate key.
Nx is a duplicate key.
Ny is a duplicate key.
Nz is a duplicate key.
left is a duplicate key.
bottom is a duplicate key.
z1 is a duplicate key.
z2 is a duplicate key.
Nx is a duplicate key.
Ny is a duplicate key.
Nz is a duplicate key.
Simulation completed successfully at: Sat Sep 17 18:57:50 2022
Overall wall time measurements in seconds: 1835.54
    time to mesh and initialize: 9.4599
    time to run FDTD simulation: 1800.59
    time to checkpoint simulation: 8e-07
    time to finalize data and save to files: 9.18762
    miscellaneous time: 16.3043
    FDTD solver speed on process 0: 15.8578 Mnodes/s
    total FDTD solver speed on 10 processes: 158.578 Mnodes/s
