Ansys Lumerical 2022 R1 FDTD Solver Version 8.27.2898 (Windows 64bit)
 expires (month/day/year): 1/22/2023
using config file: C:/Users/Photonics/AppData/Roaming/Lumerical/License.ini
license host: 10.230.10.33
current time: Sat Sep 17 18:27:23 2022
Running on host: DESKTOP-27TFSEM
host available memory (GB): 121.937551
All processes are communicating and ready to proceed to simulation...
Running fsp file: C:\Program Files\Lumerical\v221\bin\fdtd-engine-msmpi.exe -t 1 -remote C:/Users/Photonics/Documents/Github/PolSplitter_Optimization/Simulations/FDTD/superopt_LBFGSB_st3D_step2/TM_HR.fsp
Starting meshing
Simulation size in gridpoints: 1 x 228 x 96
Refined 0 mesh cells (0%)
Completed meshing!
Meshing complete in 0.03125 seconds of CPU time
Starting meshing
Simulation size in gridpoints: 1 x 228 x 96
Refined 0 mesh cells (0%)
Completed meshing!
Meshing complete in 0.015625 seconds of CPU time
Starting meshing
Simulation size in gridpoints: 1 x 228 x 96
Refined 0 mesh cells (0%)
Completed meshing!
Meshing complete in 0.03125 seconds of CPU time
Starting meshing
Simulation size in gridpoints: 1 x 228 x 96
Refined 0 mesh cells (0%)
Completed meshing!
Meshing complete in 0.03125 seconds of CPU time
Starting meshing
Simulation size in gridpoints: 1 x 228 x 96
Refined 0 mesh cells (0%)
Completed meshing!
Meshing complete in 0.03125 seconds of CPU time
Starting meshing
Simulation size in gridpoints: 1 x 228 x 96
Refined 0 mesh cells (0%)
Completed meshing!
Meshing complete in 0.015625 seconds of CPU time
left is a duplicate key.
bottom is a duplicate key.
z1 is a duplicate key.
z2 is a duplicate key.
Nx is a duplicate key.
Ny is a duplicate key.
Nz is a duplicate key.
Starting meshing
Simulation size in gridpoints: 1 x 102 x 96
Refined 0 mesh cells (0%)
Completed meshing!
Meshing complete in 0.03125 seconds of CPU time
Starting meshing
Simulation size in gridpoints: 1 x 102 x 96
Refined 0 mesh cells (0%)
Completed meshing!
Meshing complete in 0.015625 seconds of CPU time
Starting meshing
Simulation size in gridpoints: 1 x 102 x 96
Refined 0 mesh cells (0%)
Completed meshing!
Meshing complete in 0.03125 seconds of CPU time
left is a duplicate key.
bottom is a duplicate key.
z1 is a duplicate key.
z2 is a duplicate key.
Nx is a duplicate key.
Ny is a duplicate key.
Nz is a duplicate key.
Starting meshing
Simulation size in gridpoints: 1 x 102 x 96
Refined 0 mesh cells (0%)
Completed meshing!
Meshing complete in 0.03125 seconds of CPU time
Starting meshing
Simulation size in gridpoints: 1 x 102 x 96
Refined 0 mesh cells (0%)
Completed meshing!
Meshing complete in 0.03125 seconds of CPU time
Starting meshing
Simulation size in gridpoints: 1 x 102 x 96
Refined 0 mesh cells (0%)
Completed meshing!
Meshing complete in 0.015625 seconds of CPU time
left is a duplicate key.
bottom is a duplicate key.
z1 is a duplicate key.
z2 is a duplicate key.
Nx is a duplicate key.
Ny is a duplicate key.
Nz is a duplicate key.
number of processors is 10
processors are distributed as: 5x2x1
Running 3D Simulation
Starting meshing
Simulation size in gridpoints: 133 x 139 x 110
Refined 0 mesh cells (0%)
Completed meshing!
Meshing complete in 2.0625 seconds of CPU time
0 0
Starting meshing
Simulation size in gridpoints: 133 x 139 x 110
Refined 0 mesh cells (0%)
Completed meshing!
Meshing complete in 2.14063 seconds of CPU time
0 0
Starting meshing
Simulation size in gridpoints: 133 x 139 x 110
Refined 0 mesh cells (0%)
Completed meshing!
Meshing complete in 1.85938 seconds of CPU time
0 0
finished material properties
Meshing Time: 4.12365 seconds, Init Electrical Material Time: 0.231739 seconds, Init Magnetic Material Time: 0.0106682
Using selected optimization level: 2
Selecting 3d kernel for splitFieldDirection=0 and optLevel=2
-----------------------------------------
Beginning initialization of 3D Simulation
Starting to add sources to simulation
Adding 3D Mode source propagating in X
Using frequency dependent profile
Starting to add boundary conditions to simulation
Adding 3D PML BC
Adding 3D Parallel BC
Adding 3D PML BC
Adding 3D Parallel BC
Adding 3D PML BC
Adding 3D PML BC
Starting to add monitors to Simulation
Adding analysis monitor
Adding 3D DFT monitor
Adding 3D DFT monitor
Adding 3D DFT monitor
Adding 3D DFT monitor
Finished initialization of 3D Simulation
-----------------------------------------
All processes are communicating and ready to proceed to simulation...
Starting 52450 total iterations
0.0457578% complete. Max time remaining: 1 hr, 58 mins, 22 secs. Auto Shutoff: 1
1.05243% complete. Max time remaining: 2 hrs, 3 mins, 13 secs. Auto Shutoff: 1
2.0591% complete. Max time remaining: 2 hrs, 3 mins, 38 secs. Auto Shutoff: 1
3.06577% complete. Max time remaining: 2 hrs, 2 mins, 39 secs. Auto Shutoff: 1
4.07244% complete. Max time remaining: 2 hrs, 1 min, 57 secs. Auto Shutoff: 1
5.07912% complete. Max time remaining: 2 hrs, 2 mins, 14 secs. Auto Shutoff: 1
6.08579% complete. Max time remaining: 2 hrs, 1 min, 58 secs. Auto Shutoff: 1
7.09246% complete. Max time remaining: 1 hr, 59 mins, 18 secs. Auto Shutoff: 0.964731
8.09913% complete. Max time remaining: 1 hr, 56 mins, 47 secs. Auto Shutoff: 0.903335
9.1058% complete. Max time remaining: 1 hr, 54 mins, 34 secs. Auto Shutoff: 0.79734
10.1125% complete. Max time remaining: 1 hr, 52 mins, 34 secs. Auto Shutoff: 0.68114
11.1191% complete. Max time remaining: 1 hr, 50 mins, 43 secs. Auto Shutoff: 0.454901
12.1258% complete. Max time remaining: 1 hr, 48 mins, 58 secs. Auto Shutoff: 0.229737
13.1325% complete. Max time remaining: 1 hr, 47 mins, 19 secs. Auto Shutoff: 0.0618415
14.1392% complete. Max time remaining: 1 hr, 45 mins, 44 secs. Auto Shutoff: 0.00820338
15.1458% complete. Max time remaining: 1 hr, 44 mins, 21 secs. Auto Shutoff: 0.00159925
16.1525% complete. Max time remaining: 1 hr, 43 mins, 16 secs. Auto Shutoff: 0.000812637
17.1592% complete. Max time remaining: 1 hr, 41 mins, 51 secs. Auto Shutoff: 0.000436912
18.1658% complete. Max time remaining: 1 hr, 40 mins, 24 secs. Auto Shutoff: 0.000233949
19.1725% complete. Max time remaining: 1 hr, 38 mins, 58 secs. Auto Shutoff: 0.000140817
20.1792% complete. Max time remaining: 1 hr, 37 mins, 33 secs. Auto Shutoff: 5.12651e-05
21.1859% complete. Max time remaining: 1 hr, 36 mins, 10 secs. Auto Shutoff: 1.93521e-05
100% complete. Max time remaining: 0 mins, 0 secs. Auto Shutoff: 8.0875e-06
Early termination of simulation, the autoshutoff criteria are satisfied.
Completed 11480 iterations, or 2.188748e-13s of Simulation Time
Process 0 starting to collect data
    collecting monitor data
    collecting source data
Using frequency dependent profile
Finished collecting data
left is a duplicate key.
bottom is a duplicate key.
z1 is a duplicate key.
z2 is a duplicate key.
Nx is a duplicate key.
Ny is a duplicate key.
Nz is a duplicate key.
left is a duplicate key.
bottom is a duplicate key.
z1 is a duplicate key.
z2 is a duplicate key.
Nx is a duplicate key.
Ny is a duplicate key.
Nz is a duplicate key.
left is a duplicate key.
bottom is a duplicate key.
z1 is a duplicate key.
z2 is a duplicate key.
Nx is a duplicate key.
Ny is a duplicate key.
Nz is a duplicate key.
Simulation completed successfully at: Sat Sep 17 18:55:32 2022
Overall wall time measurements in seconds: 1715.23
    time to mesh and initialize: 12.1165
    time to run FDTD simulation: 1600.63
    time to checkpoint simulation: 5e-07
    time to finalize data and save to files: 12.4405
    miscellaneous time: 90.0471
    FDTD solver speed on process 0: 14.5851 Mnodes/s
    total FDTD solver speed on 10 processes: 145.851 Mnodes/s
