Ansys Lumerical 2022 R1 FDTD Solver Version 8.27.2898 (Windows 64bit)
 expires (month/day/year): 1/22/2023
using config file: C:/Users/Photonics/AppData/Roaming/Lumerical/License.ini
license host: 10.230.10.33
current time: Tue Sep 13 21:58:25 2022
Running on host: DESKTOP-27TFSEM
host available memory (GB): 109.177811
All processes are communicating and ready to proceed to simulation...
Running fsp file: C:\Program Files\Lumerical\v221\bin\fdtd-engine-msmpi.exe -t 1 -remote C:/Users/Photonics/Documents/Github/PolSplitter_Optimization/Simulations/FDTD/superopt_1/opts_0/forward_0.fsp
Starting meshing
Simulation size in gridpoints: 1 x 222 x 23
Refined 0 mesh cells (0%)
Completed meshing!
Meshing complete in 0.015625 seconds of CPU time
Starting meshing
Simulation size in gridpoints: 1 x 222 x 23
Refined 0 mesh cells (0%)
Completed meshing!
Meshing complete in 0.015625 seconds of CPU time
Starting meshing
Simulation size in gridpoints: 1 x 222 x 23
Refined 0 mesh cells (0%)
Completed meshing!
Meshing complete in 0.03125 seconds of CPU time
number of processors is 10
processors are distributed as: 5x2x1
Running 3D Simulation
Starting meshing
Simulation size in gridpoints: 71 x 119 x 43
Refined 0 mesh cells (0%)
Completed meshing!
Meshing complete in 0.25 seconds of CPU time
0 0
Starting meshing
Simulation size in gridpoints: 71 x 119 x 43
Refined 0 mesh cells (0%)
Completed meshing!
Meshing complete in 0.25 seconds of CPU time
0 0
Starting meshing
Simulation size in gridpoints: 71 x 119 x 43
Refined 0 mesh cells (0%)
Completed meshing!
Meshing complete in 0.234375 seconds of CPU time
0 0
finished material properties
Meshing Time: 0.507446 seconds, Init Electrical Material Time: 0.0457187 seconds, Init Magnetic Material Time: 0.0018344
Using selected optimization level: 2
Selecting 3d kernel for splitFieldDirection=0 and optLevel=2
-----------------------------------------
Beginning initialization of 3D Simulation
Starting to add sources to simulation
Adding 3D Mode source propagating in X
Starting to add boundary conditions to simulation
Adding 3D PML BC
Adding 3D Parallel BC
Adding 3D PML BC
Adding 3D Parallel BC
Adding 3D Anti-Symmetric BC
Adding 3D PML BC
Starting to add monitors to Simulation
Adding analysis monitor
Adding 3D DFT monitor
Adding 3D DFT monitor
Adding 3D index monitor
Finished initialization of 3D Simulation
-----------------------------------------
All processes are communicating and ready to proceed to simulation...
Starting 26225 total iterations
0.183031% complete. Max time remaining: 8 mins, 60 secs. Auto Shutoff: 1
1.40324% complete. Max time remaining: 8 mins, 32 secs. Auto Shutoff: 1
2.62345% complete. Max time remaining: 9 mins, 43 secs. Auto Shutoff: 1
3.72163% complete. Max time remaining: 10 mins, 54 secs. Auto Shutoff: 1
4.81982% complete. Max time remaining: 11 mins, 30 secs. Auto Shutoff: 1
5.91801% complete. Max time remaining: 11 mins, 48 secs. Auto Shutoff: 1
7.0162% complete. Max time remaining: 11 mins, 57 secs. Auto Shutoff: 0.943905
8.11438% complete. Max time remaining: 12 mins, 1 secs. Auto Shutoff: 0.832752
9.21257% complete. Max time remaining: 12 mins, 2 secs. Auto Shutoff: 0.705228
10.3108% complete. Max time remaining: 12 mins, 2 secs. Auto Shutoff: 0.595628
11.4089% complete. Max time remaining: 11 mins, 59 secs. Auto Shutoff: 0.362873
12.5071% complete. Max time remaining: 11 mins, 56 secs. Auto Shutoff: 0.12766
13.6053% complete. Max time remaining: 11 mins, 50 secs. Auto Shutoff: 0.015679
14.7035% complete. Max time remaining: 11 mins, 45 secs. Auto Shutoff: 0.00294732
15.8017% complete. Max time remaining: 11 mins, 39 secs. Auto Shutoff: 0.00159015
16.8999% complete. Max time remaining: 11 mins, 32 secs. Auto Shutoff: 0.000821277
17.9981% complete. Max time remaining: 11 mins, 26 secs. Auto Shutoff: 0.000614128
19.0963% complete. Max time remaining: 11 mins, 19 secs. Auto Shutoff: 0.000433934
20.1944% complete. Max time remaining: 11 mins, 11 secs. Auto Shutoff: 0.000249346
21.2926% complete. Max time remaining: 11 mins, 3 secs. Auto Shutoff: 5.61682e-05
100% complete. Max time remaining: 0 mins, 0 secs. Auto Shutoff: 9.72431e-06
Early termination of simulation, the autoshutoff criteria are satisfied.
Completed 5845 iterations, or 2.228786e-13s of Simulation Time
Process 0 starting to collect data
    collecting monitor data
    collecting source data
Finished collecting data
Simulation completed successfully at: Tue Sep 13 22:01:48 2022
Overall wall time measurements in seconds: 218.157
    time to mesh and initialize: 2.54425
    time to run FDTD simulation: 188.221
    time to checkpoint simulation: 8e-07
    time to finalize data and save to files: 11.4086
    miscellaneous time: 15.9833
    FDTD solver speed on process 0: 11.2821 Mnodes/s
    total FDTD solver speed on 10 processes: 112.821 Mnodes/s
