Ansys Lumerical 2022 R1 FDTD Solver Version 8.27.2898 (Windows 64bit)
 expires (month/day/year): 1/22/2023
using config file: C:/Users/Photonics/AppData/Roaming/Lumerical/License.ini
license host: 10.230.10.33
current time: Sat Sep 17 07:10:23 2022
Running on host: DESKTOP-27TFSEM
host available memory (GB): 111.289639
All processes are communicating and ready to proceed to simulation...
Running fsp file: C:\Program Files\Lumerical\v221\bin\fdtd-engine-msmpi.exe -t 1 -remote C:/Users/Photonics/Documents/Github/PolSplitter_Optimization/Simulations/FDTD/superopt_0/opts_0/adjoint_0.fsp
Starting meshing
Simulation size in gridpoints: 1 x 52 x 29
Refined 0 mesh cells (0%)
Completed meshing!
Meshing complete in 0.03125 seconds of CPU time
Starting meshing
Simulation size in gridpoints: 1 x 52 x 29
Refined 0 mesh cells (0%)
Completed meshing!
Meshing complete in 0.015625 seconds of CPU time
Starting meshing
Simulation size in gridpoints: 1 x 52 x 29
Refined 0 mesh cells (0%)
Completed meshing!
Meshing complete in 0.015625 seconds of CPU time
number of processors is 10
processors are distributed as: 5x2x1
Running 3D Simulation
Starting meshing
Simulation size in gridpoints: 71 x 119 x 43
Refined 0 mesh cells (0%)
Completed meshing!
Meshing complete in 0.390625 seconds of CPU time
0 0
Starting meshing
Simulation size in gridpoints: 71 x 119 x 43
Refined 0 mesh cells (0%)
Completed meshing!
Meshing complete in 0.359375 seconds of CPU time
0 0
Starting meshing
Simulation size in gridpoints: 71 x 119 x 43
Refined 0 mesh cells (0%)
Completed meshing!
Meshing complete in 0.34375 seconds of CPU time
0 0
finished material properties
Meshing Time: 0.771693 seconds, Init Electrical Material Time: 0.0755089 seconds, Init Magnetic Material Time: 0.0020546
Using selected optimization level: 2
Selecting 3d kernel for splitFieldDirection=0 and optLevel=2
-----------------------------------------
Beginning initialization of 3D Simulation
Starting to add sources to simulation
Adding 3D Mode source propagating in X
Starting to add boundary conditions to simulation
Adding 3D PML BC
Adding 3D Parallel BC
Adding 3D PML BC
Adding 3D Parallel BC
Adding 3D Anti-Symmetric BC
Adding 3D PML BC
Starting to add monitors to Simulation
Adding analysis monitor
Adding 3D DFT monitor
Adding 3D DFT monitor
Adding 3D index monitor
Finished initialization of 3D Simulation
-----------------------------------------
All processes are communicating and ready to proceed to simulation...
Starting 26225 total iterations
0.183031% complete. Max time remaining: 18 mins, 15 secs. Auto Shutoff: 1
1.22021% complete. Max time remaining: 22 mins, 35 secs. Auto Shutoff: 1
2.25738% complete. Max time remaining: 25 mins, 10 secs. Auto Shutoff: 1
3.29456% complete. Max time remaining: 25 mins, 56 secs. Auto Shutoff: 1
4.33174% complete. Max time remaining: 26 mins, 10 secs. Auto Shutoff: 1
5.36891% complete. Max time remaining: 26 mins, 14 secs. Auto Shutoff: 1
6.40609% complete. Max time remaining: 26 mins, 11 secs. Auto Shutoff: 0.997298
7.44327% complete. Max time remaining: 26 mins, 5 secs. Auto Shutoff: 0.953552
8.48045% complete. Max time remaining: 25 mins, 54 secs. Auto Shutoff: 0.842501
9.51762% complete. Max time remaining: 25 mins, 39 secs. Auto Shutoff: 0.780177
10.5548% complete. Max time remaining: 25 mins, 26 secs. Auto Shutoff: 0.61202
11.592% complete. Max time remaining: 25 mins, 13 secs. Auto Shutoff: 0.351879
12.6292% complete. Max time remaining: 24 mins, 58 secs. Auto Shutoff: 0.142212
13.6663% complete. Max time remaining: 24 mins, 43 secs. Auto Shutoff: 0.00919719
14.7035% complete. Max time remaining: 24 mins, 26 secs. Auto Shutoff: 0.000743062
15.7407% complete. Max time remaining: 24 mins, 11 secs. Auto Shutoff: 0.000406539
16.7779% complete. Max time remaining: 23 mins, 54 secs. Auto Shutoff: 0.000296047
17.815% complete. Max time remaining: 23 mins, 38 secs. Auto Shutoff: 0.000200763
18.8522% complete. Max time remaining: 23 mins, 22 secs. Auto Shutoff: 0.00011551
19.8894% complete. Max time remaining: 23 mins, 5 secs. Auto Shutoff: 5.94492e-05
20.9266% complete. Max time remaining: 22 mins, 48 secs. Auto Shutoff: 1.99747e-05
100% complete. Max time remaining: 0 mins, 0 secs. Auto Shutoff: 8.70783e-06
Early termination of simulation, the autoshutoff criteria are satisfied.
Completed 5643 iterations, or 2.151760e-13s of Simulation Time
Process 0 starting to collect data
    collecting monitor data
    collecting source data
Finished collecting data
Simulation completed successfully at: Sat Sep 17 07:16:57 2022
Overall wall time measurements in seconds: 409.768
    time to mesh and initialize: 3.46569
    time to run FDTD simulation: 372.458
    time to checkpoint simulation: 9e-07
    time to finalize data and save to files: 18.2735
    miscellaneous time: 15.5712
    FDTD solver speed on process 0: 5.50436 Mnodes/s
    total FDTD solver speed on 10 processes: 55.0436 Mnodes/s
