Ansys Lumerical 2022 R1 FDTD Solver Version 8.27.2898 (Windows 64bit)
 expires (month/day/year): 1/22/2023
using config file: C:/Users/Photonics/AppData/Roaming/Lumerical/License.ini
license host: 10.230.10.33
current time: Sat Sep 17 07:10:23 2022
Running on host: DESKTOP-27TFSEM
host available memory (GB): 111.289639
All processes are communicating and ready to proceed to simulation...
Running fsp file: C:\Program Files\Lumerical\v221\bin\fdtd-engine-msmpi.exe -t 1 -remote C:/Users/Photonics/Documents/Github/PolSplitter_Optimization/Simulations/FDTD/superopt_0/opts_0/forward_0.fsp
Starting meshing
Simulation size in gridpoints: 1 x 222 x 23
Refined 0 mesh cells (0%)
Completed meshing!
Meshing complete in 0.03125 seconds of CPU time
Starting meshing
Simulation size in gridpoints: 1 x 222 x 23
Refined 0 mesh cells (0%)
Completed meshing!
Meshing complete in 0.015625 seconds of CPU time
Starting meshing
Simulation size in gridpoints: 1 x 222 x 23
Refined 0 mesh cells (0%)
Completed meshing!
Meshing complete in 0.015625 seconds of CPU time
number of processors is 10
processors are distributed as: 5x2x1
Running 3D Simulation
Starting meshing
Simulation size in gridpoints: 71 x 119 x 43
Refined 0 mesh cells (0%)
Completed meshing!
Meshing complete in 0.359375 seconds of CPU time
0 0
Starting meshing
Simulation size in gridpoints: 71 x 119 x 43
Refined 0 mesh cells (0%)
Completed meshing!
Meshing complete in 0.296875 seconds of CPU time
0 0
Starting meshing
Simulation size in gridpoints: 71 x 119 x 43
Refined 0 mesh cells (0%)
Completed meshing!
Meshing complete in 0.28125 seconds of CPU time
0 0
finished material properties
Meshing Time: 0.6595 seconds, Init Electrical Material Time: 0.0496274 seconds, Init Magnetic Material Time: 0.0019771
Using selected optimization level: 2
Selecting 3d kernel for splitFieldDirection=0 and optLevel=2
-----------------------------------------
Beginning initialization of 3D Simulation
Starting to add sources to simulation
Adding 3D Mode source propagating in X
Starting to add boundary conditions to simulation
Adding 3D PML BC
Adding 3D Parallel BC
Adding 3D PML BC
Adding 3D Parallel BC
Adding 3D Anti-Symmetric BC
Adding 3D PML BC
Starting to add monitors to Simulation
Adding analysis monitor
Adding 3D DFT monitor
Adding 3D DFT monitor
Adding 3D index monitor
Finished initialization of 3D Simulation
-----------------------------------------
All processes are communicating and ready to proceed to simulation...
Starting 26225 total iterations
0.183031% complete. Max time remaining: 22 mins, 20 secs. Auto Shutoff: 1
1.22021% complete. Max time remaining: 24 mins, 3 secs. Auto Shutoff: 1
2.25738% complete. Max time remaining: 25 mins, 51 secs. Auto Shutoff: 1
3.29456% complete. Max time remaining: 26 mins, 22 secs. Auto Shutoff: 1
4.33174% complete. Max time remaining: 26 mins, 30 secs. Auto Shutoff: 1
5.36891% complete. Max time remaining: 26 mins, 28 secs. Auto Shutoff: 1
6.40609% complete. Max time remaining: 26 mins, 20 secs. Auto Shutoff: 0.980009
7.50428% complete. Max time remaining: 26 mins, 9 secs. Auto Shutoff: 0.93184
8.54146% complete. Max time remaining: 25 mins, 57 secs. Auto Shutoff: 0.84759
9.57863% complete. Max time remaining: 25 mins, 44 secs. Auto Shutoff: 0.74065
10.6158% complete. Max time remaining: 25 mins, 30 secs. Auto Shutoff: 0.611028
11.653% complete. Max time remaining: 25 mins, 15 secs. Auto Shutoff: 0.349801
12.6902% complete. Max time remaining: 24 mins, 59 secs. Auto Shutoff: 0.083478
13.7273% complete. Max time remaining: 24 mins, 44 secs. Auto Shutoff: 0.0167789
14.7645% complete. Max time remaining: 24 mins, 27 secs. Auto Shutoff: 0.0018097
15.8017% complete. Max time remaining: 24 mins, 12 secs. Auto Shutoff: 0.000858636
16.8389% complete. Max time remaining: 23 mins, 55 secs. Auto Shutoff: 0.000520407
17.9371% complete. Max time remaining: 23 mins, 38 secs. Auto Shutoff: 0.000239349
18.9742% complete. Max time remaining: 23 mins, 21 secs. Auto Shutoff: 0.000109298
20.0114% complete. Max time remaining: 23 mins, 4 secs. Auto Shutoff: 3.78587e-05
21.0486% complete. Max time remaining: 22 mins, 47 secs. Auto Shutoff: 1.84928e-05
100% complete. Max time remaining: 0 mins, 0 secs. Auto Shutoff: 8.0839e-06
Early termination of simulation, the autoshutoff criteria are satisfied.
Completed 5643 iterations, or 2.151760e-13s of Simulation Time
Process 0 starting to collect data
    collecting monitor data
    collecting source data
Finished collecting data
Simulation completed successfully at: Sat Sep 17 07:16:58 2022
Overall wall time measurements in seconds: 410.616
    time to mesh and initialize: 4.01872
    time to run FDTD simulation: 372.773
    time to checkpoint simulation: 8e-07
    time to finalize data and save to files: 17.6206
    miscellaneous time: 16.2034
    FDTD solver speed on process 0: 5.4997 Mnodes/s
    total FDTD solver speed on 10 processes: 54.997 Mnodes/s
