Ansys Lumerical 2022 R1 FDTD Solver Version 8.27.2898 (Windows 64bit)
 expires (month/day/year): 1/22/2023
using config file: C:/Users/Photonics/AppData/Roaming/Lumerical/License.ini
license host: 10.230.10.33
current time: Sun Sep 11 14:01:12 2022
Running on host: DESKTOP-27TFSEM
host available memory (GB): 109.821116
All processes are communicating and ready to proceed to simulation...
Running fsp file: C:\Program Files\Lumerical\v221\bin\fdtd-engine-msmpi.exe -t 1 -remote C:/Users/Photonics/Documents/Github/PolSplitter_Optimization/Simulations/FDTD/superopt_1/opts_0/adjoint_0.fsp
Starting meshing
Simulation size in gridpoints: 1 x 52 x 29
Refined 0 mesh cells (0%)
Completed meshing!
Meshing complete in 0.03125 seconds of CPU time
Starting meshing
Simulation size in gridpoints: 1 x 52 x 29
Refined 0 mesh cells (0%)
Completed meshing!
Meshing complete in 0.015625 seconds of CPU time
Starting meshing
Simulation size in gridpoints: 1 x 52 x 29
Refined 0 mesh cells (0%)
Completed meshing!
Meshing complete in 0.015625 seconds of CPU time
number of processors is 5
processors are distributed as: 5x1x1
Running 3D Simulation
Starting meshing
Simulation size in gridpoints: 71 x 236 x 43
Refined 0 mesh cells (0%)
Completed meshing!
Meshing complete in 0.484375 seconds of CPU time
0 0
Starting meshing
Simulation size in gridpoints: 71 x 236 x 43
Refined 0 mesh cells (0%)
Completed meshing!
Meshing complete in 0.703125 seconds of CPU time
0 0
Starting meshing
Simulation size in gridpoints: 71 x 236 x 43
Refined 0 mesh cells (0%)
Completed meshing!
Meshing complete in 0.484375 seconds of CPU time
0 0
finished material properties
Meshing Time: 1.04421 seconds, Init Electrical Material Time: 0.117212 seconds, Init Magnetic Material Time: 0.003778
Using selected optimization level: 2
Selecting 3d kernel for splitFieldDirection=0 and optLevel=2
-----------------------------------------
Beginning initialization of 3D Simulation
Starting to add sources to simulation
Adding 3D Mode source propagating in X
Starting to add boundary conditions to simulation
Adding 3D PML BC
Adding 3D Parallel BC
Adding 3D PML BC
Adding 3D PML BC
Adding 3D Anti-Symmetric BC
Adding 3D PML BC
Starting to add monitors to Simulation
Adding analysis monitor
Adding 3D DFT monitor
Adding 3D DFT monitor
Adding 3D index monitor
Finished initialization of 3D Simulation
-----------------------------------------
All processes are communicating and ready to proceed to simulation...
Starting 26225 total iterations
0.183031% complete. Max time remaining: 20 mins, 47 secs. Auto Shutoff: 1
1.28122% complete. Max time remaining: 24 mins, 48 secs. Auto Shutoff: 1
2.3184% complete. Max time remaining: 26 mins, 9 secs. Auto Shutoff: 1
3.35557% complete. Max time remaining: 26 mins, 32 secs. Auto Shutoff: 1
4.45376% complete. Max time remaining: 26 mins, 33 secs. Auto Shutoff: 1
5.49094% complete. Max time remaining: 26 mins, 26 secs. Auto Shutoff: 1
6.52811% complete. Max time remaining: 26 mins, 18 secs. Auto Shutoff: 1.00002
7.56529% complete. Max time remaining: 26 mins, 7 secs. Auto Shutoff: 0.950437
8.66348% complete. Max time remaining: 25 mins, 53 secs. Auto Shutoff: 0.819243
9.70065% complete. Max time remaining: 25 mins, 38 secs. Auto Shutoff: 0.716017
10.7378% complete. Max time remaining: 25 mins, 23 secs. Auto Shutoff: 0.523473
11.836% complete. Max time remaining: 25 mins, 7 secs. Auto Shutoff: 0.337439
12.8732% complete. Max time remaining: 24 mins, 51 secs. Auto Shutoff: 0.0634689
13.9104% complete. Max time remaining: 24 mins, 34 secs. Auto Shutoff: 0.00224938
14.9475% complete. Max time remaining: 24 mins, 19 secs. Auto Shutoff: 0.00036291
16.0457% complete. Max time remaining: 24 mins, 1 secs. Auto Shutoff: 0.000174502
17.0829% complete. Max time remaining: 23 mins, 44 secs. Auto Shutoff: 0.00012281
18.1201% complete. Max time remaining: 23 mins, 27 secs. Auto Shutoff: 8.20953e-05
19.2183% complete. Max time remaining: 23 mins, 8 secs. Auto Shutoff: 4.27533e-05
20.2555% complete. Max time remaining: 22 mins, 51 secs. Auto Shutoff: 2.34083e-05
100% complete. Max time remaining: 0 mins, 0 secs. Auto Shutoff: 7.43931e-06
Early termination of simulation, the autoshutoff criteria are satisfied.
Completed 5542 iterations, or 2.113248e-13s of Simulation Time
Process 0 starting to collect data
    collecting monitor data
    collecting source data
Finished collecting data
Simulation completed successfully at: Sun Sep 11 14:07:35 2022
Overall wall time measurements in seconds: 398.018
    time to mesh and initialize: 5.07397
    time to run FDTD simulation: 363.478
    time to checkpoint simulation: 1.1e-06
    time to finalize data and save to files: 13.9751
    miscellaneous time: 15.491
    FDTD solver speed on process 0: 10.9857 Mnodes/s
    total FDTD solver speed on 5 processes: 54.9284 Mnodes/s
