Ansys Lumerical 2022 R1 FDTD Solver Version 8.27.2898 (Windows 64bit)
 expires (month/day/year): 1/22/2023
using config file: C:/Users/Photonics/AppData/Roaming/Lumerical/License.ini
license host: 10.230.10.33
current time: Tue Sep 13 10:48:58 2022
Running on host: DESKTOP-27TFSEM
host available memory (GB): 104.473047
All processes are communicating and ready to proceed to simulation...
Running fsp file: C:\Program Files\Lumerical\v221\bin\fdtd-engine-msmpi.exe -t 1 -remote C:/Users/Photonics/Documents/Github/PolSplitter_Optimization/Simulations/FDTD/superopt_LBFGSB_st2D/TE_HR.fsp
Starting meshing
Simulation size in gridpoints: 1 x 228 x 96
Refined 0 mesh cells (0%)
Completed meshing!
Meshing complete in 0.015625 seconds of CPU time
Starting meshing
Simulation size in gridpoints: 1 x 228 x 96
Refined 0 mesh cells (0%)
Completed meshing!
Meshing complete in 0.03125 seconds of CPU time
Starting meshing
Simulation size in gridpoints: 1 x 228 x 96
Refined 0 mesh cells (0%)
Completed meshing!
Meshing complete in 0.03125 seconds of CPU time
Starting meshing
Simulation size in gridpoints: 1 x 228 x 96
Refined 0 mesh cells (0%)
Completed meshing!
Meshing complete in 0.015625 seconds of CPU time
Starting meshing
Simulation size in gridpoints: 1 x 228 x 96
Refined 0 mesh cells (0%)
Completed meshing!
Meshing complete in 0.03125 seconds of CPU time
Starting meshing
Simulation size in gridpoints: 1 x 228 x 96
Refined 0 mesh cells (0%)
Completed meshing!
Meshing complete in 0.015625 seconds of CPU time
left is a duplicate key.
bottom is a duplicate key.
z1 is a duplicate key.
z2 is a duplicate key.
Nx is a duplicate key.
Ny is a duplicate key.
Nz is a duplicate key.
Starting meshing
Simulation size in gridpoints: 1 x 102 x 96
Refined 0 mesh cells (0%)
Completed meshing!
Meshing complete in 0.015625 seconds of CPU time
Starting meshing
Simulation size in gridpoints: 1 x 102 x 96
Refined 0 mesh cells (0%)
Completed meshing!
Meshing complete in 0.03125 seconds of CPU time
Starting meshing
Simulation size in gridpoints: 1 x 102 x 96
Refined 0 mesh cells (0%)
Completed meshing!
Meshing complete in 0.015625 seconds of CPU time
left is a duplicate key.
bottom is a duplicate key.
z1 is a duplicate key.
z2 is a duplicate key.
Nx is a duplicate key.
Ny is a duplicate key.
Nz is a duplicate key.
Starting meshing
Simulation size in gridpoints: 1 x 102 x 96
Refined 0 mesh cells (0%)
Completed meshing!
Meshing complete in 0.03125 seconds of CPU time
Starting meshing
Simulation size in gridpoints: 1 x 102 x 96
Refined 0 mesh cells (0%)
Completed meshing!
Meshing complete in 0.03125 seconds of CPU time
Starting meshing
Simulation size in gridpoints: 1 x 102 x 96
Refined 0 mesh cells (0%)
Completed meshing!
Meshing complete in 0.03125 seconds of CPU time
left is a duplicate key.
bottom is a duplicate key.
z1 is a duplicate key.
z2 is a duplicate key.
Nx is a duplicate key.
Ny is a duplicate key.
Nz is a duplicate key.
number of processors is 10
processors are distributed as: 5x2x1
Running 3D Simulation
Starting meshing
Simulation size in gridpoints: 133 x 139 x 110
Refined 0 mesh cells (0%)
Completed meshing!
Meshing complete in 1.95313 seconds of CPU time
0 0
Starting meshing
Simulation size in gridpoints: 133 x 139 x 110
Refined 0 mesh cells (0%)
Completed meshing!
Meshing complete in 2 seconds of CPU time
0 0
Starting meshing
Simulation size in gridpoints: 133 x 139 x 110
Refined 0 mesh cells (0%)
Completed meshing!
Meshing complete in 2.32813 seconds of CPU time
0 0
finished material properties
Meshing Time: 4.52737 seconds, Init Electrical Material Time: 0.370781 seconds, Init Magnetic Material Time: 0.0105162
Using selected optimization level: 2
Selecting 3d kernel for splitFieldDirection=0 and optLevel=2
-----------------------------------------
Beginning initialization of 3D Simulation
Starting to add sources to simulation
Adding 3D Mode source propagating in X
Using frequency dependent profile
Starting to add boundary conditions to simulation
Adding 3D PML BC
Adding 3D Parallel BC
Adding 3D PML BC
Adding 3D Parallel BC
Adding 3D PML BC
Adding 3D PML BC
Starting to add monitors to Simulation
Adding analysis monitor
Adding 3D DFT monitor
Adding 3D DFT monitor
Adding 3D DFT monitor
Adding 3D DFT monitor
Finished initialization of 3D Simulation
-----------------------------------------
All processes are communicating and ready to proceed to simulation...
Starting 52450 total iterations
0.0457578% complete. Max time remaining: 2 hrs, 3 mins, 3 secs. Auto Shutoff: 1
1.05243% complete. Max time remaining: 1 hr, 56 mins, 36 secs. Auto Shutoff: 1
2.0591% complete. Max time remaining: 1 hr, 55 mins, 44 secs. Auto Shutoff: 1
3.06577% complete. Max time remaining: 1 hr, 56 mins, 55 secs. Auto Shutoff: 1
4.07244% complete. Max time remaining: 1 hr, 57 mins, 23 secs. Auto Shutoff: 1
5.07912% complete. Max time remaining: 2 hrs, 11 mins, 27 secs. Auto Shutoff: 1
6.08579% complete. Max time remaining: 2 hrs, 22 mins, 36 secs. Auto Shutoff: 1
7.10008% complete. Max time remaining: 2 hrs, 30 mins, 6 secs. Auto Shutoff: 1
8.10676% complete. Max time remaining: 2 hrs, 35 mins, 0 secs. Auto Shutoff: 1.04332
9.11343% complete. Max time remaining: 2 hrs, 36 mins, 18 secs. Auto Shutoff: 0.956587
10.1201% complete. Max time remaining: 2 hrs, 31 mins, 53 secs. Auto Shutoff: 0.93919
11.1268% complete. Max time remaining: 2 hrs, 26 mins, 30 secs. Auto Shutoff: 0.925522
12.1334% complete. Max time remaining: 2 hrs, 26 mins, 2 secs. Auto Shutoff: 0.784704
13.1401% complete. Max time remaining: 2 hrs, 27 mins, 49 secs. Auto Shutoff: 0.154646
14.1544% complete. Max time remaining: 2 hrs, 29 mins, 3 secs. Auto Shutoff: 0.0377084
15.1611% complete. Max time remaining: 2 hrs, 29 mins, 49 secs. Auto Shutoff: 0.0214068
16.1754% complete. Max time remaining: 2 hrs, 29 mins, 45 secs. Auto Shutoff: 0.00943398
17.1821% complete. Max time remaining: 2 hrs, 27 mins, 30 secs. Auto Shutoff: 0.00648769
18.1887% complete. Max time remaining: 2 hrs, 23 mins, 53 secs. Auto Shutoff: 0.00480919
19.1954% complete. Max time remaining: 2 hrs, 19 mins, 58 secs. Auto Shutoff: 0.00128248
20.2021% complete. Max time remaining: 2 hrs, 16 mins, 11 secs. Auto Shutoff: 0.000360597
21.2087% complete. Max time remaining: 2 hrs, 12 mins, 38 secs. Auto Shutoff: 0.000103295
22.2154% complete. Max time remaining: 2 hrs, 8 mins, 53 secs. Auto Shutoff: 5.22046e-05
23.2221% complete. Max time remaining: 2 hrs, 4 mins, 16 secs. Auto Shutoff: 3.96566e-05
24.2288% complete. Max time remaining: 1 hr, 59 mins, 59 secs. Auto Shutoff: 2.40902e-05
25.2354% complete. Max time remaining: 1 hr, 55 mins, 59 secs. Auto Shutoff: 1.25534e-05
100% complete. Max time remaining: 0 mins, 0 secs. Auto Shutoff: 9.07376e-06
Early termination of simulation, the autoshutoff criteria are satisfied.
Completed 13435 iterations, or 2.561483e-13s of Simulation Time
Process 0 starting to collect data
    collecting monitor data
    collecting source data
Using frequency dependent profile
Finished collecting data
left is a duplicate key.
bottom is a duplicate key.
z1 is a duplicate key.
z2 is a duplicate key.
Nx is a duplicate key.
Ny is a duplicate key.
Nz is a duplicate key.
left is a duplicate key.
bottom is a duplicate key.
z1 is a duplicate key.
z2 is a duplicate key.
Nx is a duplicate key.
Ny is a duplicate key.
Nz is a duplicate key.
left is a duplicate key.
bottom is a duplicate key.
z1 is a duplicate key.
z2 is a duplicate key.
Nx is a duplicate key.
Ny is a duplicate key.
Nz is a duplicate key.
Simulation completed successfully at: Tue Sep 13 11:28:48 2022
Overall wall time measurements in seconds: 2415.65
    time to mesh and initialize: 11.9152
    time to run FDTD simulation: 2366.8
    time to checkpoint simulation: 7e-07
    time to finalize data and save to files: 9.56984
    miscellaneous time: 27.3646
    FDTD solver speed on process 0: 11.5435 Mnodes/s
    total FDTD solver speed on 10 processes: 115.435 Mnodes/s
