Ansys Lumerical 2022 R1 FDTD Solver Version 8.27.2898 (Windows 64bit)
 expires (month/day/year): 1/22/2023
using config file: C:/Users/Photonics/AppData/Roaming/Lumerical/License.ini
license host: 10.230.10.33
current time: Tue Sep 13 10:48:34 2022
Running on host: DESKTOP-27TFSEM
host available memory (GB): 104.968704
All processes are communicating and ready to proceed to simulation...
Running fsp file: C:\Program Files\Lumerical\v221\bin\fdtd-engine-msmpi.exe -t 1 -remote C:/Users/Photonics/Documents/Github/PolSplitter_Optimization/Simulations/FDTD/superopt_LBFGSB_st2D/TM_HR.fsp
Starting meshing
Simulation size in gridpoints: 1 x 228 x 96
Refined 0 mesh cells (0%)
Completed meshing!
Meshing complete in 0.03125 seconds of CPU time
Starting meshing
Simulation size in gridpoints: 1 x 228 x 96
Refined 0 mesh cells (0%)
Completed meshing!
Meshing complete in 0.03125 seconds of CPU time
Starting meshing
Simulation size in gridpoints: 1 x 228 x 96
Refined 0 mesh cells (0%)
Completed meshing!
Meshing complete in 0.015625 seconds of CPU time
Starting meshing
Simulation size in gridpoints: 1 x 228 x 96
Refined 0 mesh cells (0%)
Completed meshing!
Meshing complete in 0.03125 seconds of CPU time
Starting meshing
Simulation size in gridpoints: 1 x 228 x 96
Refined 0 mesh cells (0%)
Completed meshing!
Meshing complete in 0.015625 seconds of CPU time
Starting meshing
Simulation size in gridpoints: 1 x 228 x 96
Refined 0 mesh cells (0%)
Completed meshing!
Meshing complete in 0.03125 seconds of CPU time
left is a duplicate key.
bottom is a duplicate key.
z1 is a duplicate key.
z2 is a duplicate key.
Nx is a duplicate key.
Ny is a duplicate key.
Nz is a duplicate key.
Starting meshing
Simulation size in gridpoints: 1 x 102 x 96
Refined 0 mesh cells (0%)
Completed meshing!
Meshing complete in 0.03125 seconds of CPU time
Starting meshing
Simulation size in gridpoints: 1 x 102 x 96
Refined 0 mesh cells (0%)
Completed meshing!
Meshing complete in 0.03125 seconds of CPU time
Starting meshing
Simulation size in gridpoints: 1 x 102 x 96
Refined 0 mesh cells (0%)
Completed meshing!
Meshing complete in 0.015625 seconds of CPU time
left is a duplicate key.
bottom is a duplicate key.
z1 is a duplicate key.
z2 is a duplicate key.
Nx is a duplicate key.
Ny is a duplicate key.
Nz is a duplicate key.
Starting meshing
Simulation size in gridpoints: 1 x 102 x 96
Refined 0 mesh cells (0%)
Completed meshing!
Meshing complete in 0.03125 seconds of CPU time
Starting meshing
Simulation size in gridpoints: 1 x 102 x 96
Refined 0 mesh cells (0%)
Completed meshing!
Meshing complete in 0.03125 seconds of CPU time
Starting meshing
Simulation size in gridpoints: 1 x 102 x 96
Refined 0 mesh cells (0%)
Completed meshing!
Meshing complete in 0.03125 seconds of CPU time
left is a duplicate key.
bottom is a duplicate key.
z1 is a duplicate key.
z2 is a duplicate key.
Nx is a duplicate key.
Ny is a duplicate key.
Nz is a duplicate key.
number of processors is 10
processors are distributed as: 5x2x1
Running 3D Simulation
Starting meshing
Simulation size in gridpoints: 133 x 139 x 110
Refined 0 mesh cells (0%)
Completed meshing!
Meshing complete in 1.53125 seconds of CPU time
0 0
Starting meshing
Simulation size in gridpoints: 133 x 139 x 110
Refined 0 mesh cells (0%)
Completed meshing!
Meshing complete in 1.3125 seconds of CPU time
0 0
Starting meshing
Simulation size in gridpoints: 133 x 139 x 110
Refined 0 mesh cells (0%)
Completed meshing!
Meshing complete in 1.51563 seconds of CPU time
0 0
finished material properties
Meshing Time: 3.26923 seconds, Init Electrical Material Time: 0.237958 seconds, Init Magnetic Material Time: 0.0107142
Using selected optimization level: 2
Selecting 3d kernel for splitFieldDirection=0 and optLevel=2
-----------------------------------------
Beginning initialization of 3D Simulation
Starting to add sources to simulation
Adding 3D Mode source propagating in X
Using frequency dependent profile
Starting to add boundary conditions to simulation
Adding 3D PML BC
Adding 3D Parallel BC
Adding 3D PML BC
Adding 3D Parallel BC
Adding 3D PML BC
Adding 3D PML BC
Starting to add monitors to Simulation
Adding analysis monitor
Adding 3D DFT monitor
Adding 3D DFT monitor
Adding 3D DFT monitor
Adding 3D DFT monitor
Finished initialization of 3D Simulation
-----------------------------------------
All processes are communicating and ready to proceed to simulation...
Starting 52450 total iterations
0.0610104% complete. Max time remaining: 1 hr, 34 mins, 21 secs. Auto Shutoff: 1
1.06768% complete. Max time remaining: 2 hrs, 7 mins, 29 secs. Auto Shutoff: 1
2.07435% complete. Max time remaining: 2 hrs, 9 mins, 39 secs. Auto Shutoff: 1
3.08102% complete. Max time remaining: 2 hrs, 7 mins, 39 secs. Auto Shutoff: 1
4.0877% complete. Max time remaining: 2 hrs, 6 mins, 46 secs. Auto Shutoff: 1
5.09437% complete. Max time remaining: 2 hrs, 22 mins, 21 secs. Auto Shutoff: 1
6.10104% complete. Max time remaining: 2 hrs, 32 mins, 17 secs. Auto Shutoff: 1
7.10771% complete. Max time remaining: 2 hrs, 38 mins, 12 secs. Auto Shutoff: 0.981489
8.11438% complete. Max time remaining: 2 hrs, 42 mins, 1 secs. Auto Shutoff: 0.906891
9.12105% complete. Max time remaining: 2 hrs, 41 mins, 16 secs. Auto Shutoff: 0.795195
10.1277% complete. Max time remaining: 2 hrs, 35 mins, 13 secs. Auto Shutoff: 0.6775
11.1344% complete. Max time remaining: 2 hrs, 29 mins, 28 secs. Auto Shutoff: 0.451237
12.1411% complete. Max time remaining: 2 hrs, 30 mins, 17 secs. Auto Shutoff: 0.228938
13.1554% complete. Max time remaining: 2 hrs, 31 mins, 44 secs. Auto Shutoff: 0.0613715
14.1697% complete. Max time remaining: 2 hrs, 32 mins, 39 secs. Auto Shutoff: 0.00783798
15.1763% complete. Max time remaining: 2 hrs, 33 mins, 7 secs. Auto Shutoff: 0.00155187
16.1906% complete. Max time remaining: 2 hrs, 32 mins, 9 secs. Auto Shutoff: 0.000871069
17.1973% complete. Max time remaining: 2 hrs, 29 mins, 46 secs. Auto Shutoff: 0.000521555
18.204% complete. Max time remaining: 2 hrs, 25 mins, 35 secs. Auto Shutoff: 0.000343882
19.2106% complete. Max time remaining: 2 hrs, 21 mins, 32 secs. Auto Shutoff: 0.000189741
20.2173% complete. Max time remaining: 2 hrs, 17 mins, 39 secs. Auto Shutoff: 7.36217e-05
21.224% complete. Max time remaining: 2 hrs, 14 mins, 1 secs. Auto Shutoff: 1.98069e-05
100% complete. Max time remaining: 0 mins, 0 secs. Auto Shutoff: 8.13956e-06
Early termination of simulation, the autoshutoff criteria are satisfied.
Completed 11379 iterations, or 2.169492e-13s of Simulation Time
Process 0 starting to collect data
    collecting monitor data
    collecting source data
Using frequency dependent profile
Finished collecting data
left is a duplicate key.
bottom is a duplicate key.
z1 is a duplicate key.
z2 is a duplicate key.
Nx is a duplicate key.
Ny is a duplicate key.
Nz is a duplicate key.
left is a duplicate key.
bottom is a duplicate key.
z1 is a duplicate key.
z2 is a duplicate key.
Nx is a duplicate key.
Ny is a duplicate key.
Nz is a duplicate key.
left is a duplicate key.
bottom is a duplicate key.
z1 is a duplicate key.
z2 is a duplicate key.
Nx is a duplicate key.
Ny is a duplicate key.
Nz is a duplicate key.
Simulation completed successfully at: Tue Sep 13 11:25:58 2022
Overall wall time measurements in seconds: 2258.51
    time to mesh and initialize: 9.84687
    time to run FDTD simulation: 2201.1
    time to checkpoint simulation: 1e-06
    time to finalize data and save to files: 12.5246
    miscellaneous time: 35.0445
    FDTD solver speed on process 0: 10.5129 Mnodes/s
    total FDTD solver speed on 10 processes: 105.129 Mnodes/s
