Ansys Lumerical 2022 R1 FDTD Solver Version 8.27.2898 (Windows 64bit)
 expires (month/day/year): 1/22/2023
using config file: C:/Users/Photonics/AppData/Roaming/Lumerical/License.ini
license host: 10.230.10.33
current time: Wed Sep 14 10:45:24 2022
Running on host: DESKTOP-27TFSEM
host available memory (GB): 104.254632
All processes are communicating and ready to proceed to simulation...
Running fsp file: C:\Program Files\Lumerical\v221\bin\fdtd-engine-msmpi.exe -t 1 -remote C:/Users/Photonics/Documents/Github/PolSplitter_Optimization/Simulations/FDTD/superopt_0/opts_1/adjoint_0.fsp
Starting meshing
Simulation size in gridpoints: 1 x 52 x 29
Refined 0 mesh cells (0%)
Completed meshing!
Meshing complete in 0.03125 seconds of CPU time
Starting meshing
Simulation size in gridpoints: 1 x 52 x 29
Refined 0 mesh cells (0%)
Completed meshing!
Meshing complete in 0.015625 seconds of CPU time
Starting meshing
Simulation size in gridpoints: 1 x 52 x 29
Refined 0 mesh cells (0%)
Completed meshing!
Meshing complete in 0.03125 seconds of CPU time
number of processors is 10
processors are distributed as: 5x2x1
Running 3D Simulation
Starting meshing
Simulation size in gridpoints: 71 x 119 x 43
Refined 0 mesh cells (0%)
Completed meshing!
Meshing complete in 0.421875 seconds of CPU time
0 0
Starting meshing
Simulation size in gridpoints: 71 x 119 x 43
Refined 0 mesh cells (0%)
Completed meshing!
Meshing complete in 0.4375 seconds of CPU time
0 0
Starting meshing
Simulation size in gridpoints: 71 x 119 x 43
Refined 0 mesh cells (0%)
Completed meshing!
Meshing complete in 0.40625 seconds of CPU time
0 0
finished material properties
Meshing Time: 0.869908 seconds, Init Electrical Material Time: 0.0746845 seconds, Init Magnetic Material Time: 0.0019141
Using selected optimization level: 2
Selecting 3d kernel for splitFieldDirection=0 and optLevel=2
-----------------------------------------
Beginning initialization of 3D Simulation
Starting to add sources to simulation
Adding 3D Mode source propagating in X
Starting to add boundary conditions to simulation
Adding 3D PML BC
Adding 3D Parallel BC
Adding 3D PML BC
Adding 3D Parallel BC
Adding 3D Symmetric BC
Adding 3D PML BC
Starting to add monitors to Simulation
Adding analysis monitor
Adding 3D DFT monitor
Adding 3D DFT monitor
Adding 3D index monitor
Finished initialization of 3D Simulation
-----------------------------------------
All processes are communicating and ready to proceed to simulation...
Starting 26225 total iterations
0.122021% complete. Max time remaining: 28 mins, 32 secs. Auto Shutoff: 1
1.22021% complete. Max time remaining: 28 mins, 20 secs. Auto Shutoff: 1
2.25738% complete. Max time remaining: 28 mins, 2 secs. Auto Shutoff: 1
3.29456% complete. Max time remaining: 27 mins, 46 secs. Auto Shutoff: 1
4.33174% complete. Max time remaining: 27 mins, 25 secs. Auto Shutoff: 1
5.36891% complete. Max time remaining: 27 mins, 9 secs. Auto Shutoff: 1
6.40609% complete. Max time remaining: 26 mins, 51 secs. Auto Shutoff: 1.04433
7.50428% complete. Max time remaining: 26 mins, 33 secs. Auto Shutoff: 1.05054
8.54146% complete. Max time remaining: 26 mins, 15 secs. Auto Shutoff: 0.934025
9.57863% complete. Max time remaining: 25 mins, 58 secs. Auto Shutoff: 0.932251
10.6158% complete. Max time remaining: 25 mins, 41 secs. Auto Shutoff: 0.943661
11.714% complete. Max time remaining: 25 mins, 22 secs. Auto Shutoff: 0.713881
12.7512% complete. Max time remaining: 25 mins, 3 secs. Auto Shutoff: 0.0894362
13.7883% complete. Max time remaining: 24 mins, 45 secs. Auto Shutoff: 0.017075
14.8255% complete. Max time remaining: 24 mins, 26 secs. Auto Shutoff: 0.00482717
15.8627% complete. Max time remaining: 24 mins, 10 secs. Auto Shutoff: 0.00256668
16.8999% complete. Max time remaining: 23 mins, 53 secs. Auto Shutoff: 0.00161339
17.9371% complete. Max time remaining: 23 mins, 35 secs. Auto Shutoff: 0.00134744
18.9742% complete. Max time remaining: 23 mins, 17 secs. Auto Shutoff: 0.00100088
20.0114% complete. Max time remaining: 22 mins, 60 secs. Auto Shutoff: 0.000442871
21.0486% complete. Max time remaining: 22 mins, 37 secs. Auto Shutoff: 0.000226009
22.1468% complete. Max time remaining: 21 mins, 51 secs. Auto Shutoff: 9.34613e-05
23.245% complete. Max time remaining: 21 mins, 4 secs. Auto Shutoff: 5.5201e-05
24.3431% complete. Max time remaining: 20 mins, 20 secs. Auto Shutoff: 3.76094e-05
25.4413% complete. Max time remaining: 19 mins, 38 secs. Auto Shutoff: 2.24695e-05
26.5395% complete. Max time remaining: 18 mins, 51 secs. Auto Shutoff: 1.14732e-05
100% complete. Max time remaining: 0 mins, 0 secs. Auto Shutoff: 7.89535e-06
Early termination of simulation, the autoshutoff criteria are satisfied.
Completed 7057 iterations, or 2.690940e-13s of Simulation Time
Process 0 starting to collect data
    collecting monitor data
    collecting source data
Finished collecting data
Simulation completed successfully at: Wed Sep 14 10:52:28 2022
Overall wall time measurements in seconds: 450.805
    time to mesh and initialize: 4.69803
    time to run FDTD simulation: 410.731
    time to checkpoint simulation: 8e-07
    time to finalize data and save to files: 8.45888
    miscellaneous time: 26.9178
    FDTD solver speed on process 0: 6.24219 Mnodes/s
    total FDTD solver speed on 10 processes: 62.4219 Mnodes/s
