Ansys Lumerical 2022 R1 FDTD Solver Version 8.27.2898 (Windows 64bit)
 expires (month/day/year): 1/22/2023
using config file: C:/Users/Photonics/AppData/Roaming/Lumerical/License.ini
license host: 10.230.10.33
current time: Wed Sep 14 10:45:13 2022
Running on host: DESKTOP-27TFSEM
host available memory (GB): 108.090995
All processes are communicating and ready to proceed to simulation...
Running fsp file: C:\Program Files\Lumerical\v221\bin\fdtd-engine-msmpi.exe -t 1 -remote C:/Users/Photonics/Documents/Github/PolSplitter_Optimization/Simulations/FDTD/superopt_0/opts_1/forward_0.fsp
Starting meshing
Simulation size in gridpoints: 1 x 222 x 23
Refined 0 mesh cells (0%)
Completed meshing!
Meshing complete in 0.015625 seconds of CPU time
Starting meshing
Simulation size in gridpoints: 1 x 222 x 23
Refined 0 mesh cells (0%)
Completed meshing!
Meshing complete in 0.03125 seconds of CPU time
Starting meshing
Simulation size in gridpoints: 1 x 222 x 23
Refined 0 mesh cells (0%)
Completed meshing!
Meshing complete in 0.015625 seconds of CPU time
number of processors is 10
processors are distributed as: 5x2x1
Running 3D Simulation
Starting meshing
Simulation size in gridpoints: 71 x 119 x 43
Refined 0 mesh cells (0%)
Completed meshing!
Meshing complete in 0.328125 seconds of CPU time
0 0
Starting meshing
Simulation size in gridpoints: 71 x 119 x 43
Refined 0 mesh cells (0%)
Completed meshing!
Meshing complete in 0.34375 seconds of CPU time
0 0
Starting meshing
Simulation size in gridpoints: 71 x 119 x 43
Refined 0 mesh cells (0%)
Completed meshing!
Meshing complete in 0.328125 seconds of CPU time
0 0
finished material properties
Meshing Time: 0.712365 seconds, Init Electrical Material Time: 0.079985 seconds, Init Magnetic Material Time: 0.0022788
Using selected optimization level: 2
Selecting 3d kernel for splitFieldDirection=0 and optLevel=2
-----------------------------------------
Beginning initialization of 3D Simulation
Starting to add sources to simulation
Adding 3D Mode source propagating in X
Starting to add boundary conditions to simulation
Adding 3D PML BC
Adding 3D Parallel BC
Adding 3D PML BC
Adding 3D Parallel BC
Adding 3D Symmetric BC
Adding 3D PML BC
Starting to add monitors to Simulation
Adding analysis monitor
Adding 3D DFT monitor
Adding 3D DFT monitor
Adding 3D index monitor
Finished initialization of 3D Simulation
-----------------------------------------
All processes are communicating and ready to proceed to simulation...
Starting 26225 total iterations
0.183031% complete. Max time remaining: 21 mins, 49 secs. Auto Shutoff: 1
1.22021% complete. Max time remaining: 23 mins, 50 secs. Auto Shutoff: 1
2.25738% complete. Max time remaining: 25 mins, 41 secs. Auto Shutoff: 1
3.29456% complete. Max time remaining: 26 mins, 11 secs. Auto Shutoff: 1
4.33174% complete. Max time remaining: 26 mins, 16 secs. Auto Shutoff: 1
5.36891% complete. Max time remaining: 26 mins, 17 secs. Auto Shutoff: 1
6.40609% complete. Max time remaining: 26 mins, 8 secs. Auto Shutoff: 0.997236
7.50428% complete. Max time remaining: 25 mins, 58 secs. Auto Shutoff: 1.0392
8.54146% complete. Max time remaining: 25 mins, 45 secs. Auto Shutoff: 0.936846
9.63964% complete. Max time remaining: 25 mins, 32 secs. Auto Shutoff: 0.911722
10.6768% complete. Max time remaining: 25 mins, 16 secs. Auto Shutoff: 0.889656
11.714% complete. Max time remaining: 25 mins, 1 secs. Auto Shutoff: 0.622379
12.7512% complete. Max time remaining: 24 mins, 46 secs. Auto Shutoff: 0.077321
13.8494% complete. Max time remaining: 24 mins, 29 secs. Auto Shutoff: 0.0205493
14.8865% complete. Max time remaining: 24 mins, 12 secs. Auto Shutoff: 0.0117388
15.9847% complete. Max time remaining: 23 mins, 56 secs. Auto Shutoff: 0.00674488
17.0219% complete. Max time remaining: 23 mins, 38 secs. Auto Shutoff: 0.0052051
18.0591% complete. Max time remaining: 23 mins, 21 secs. Auto Shutoff: 0.001991
19.0963% complete. Max time remaining: 23 mins, 4 secs. Auto Shutoff: 0.00108257
20.1944% complete. Max time remaining: 22 mins, 46 secs. Auto Shutoff: 0.000282905
21.2316% complete. Max time remaining: 22 mins, 28 secs. Auto Shutoff: 0.000119712
22.3298% complete. Max time remaining: 21 mins, 56 secs. Auto Shutoff: 7.65071e-05
23.428% complete. Max time remaining: 21 mins, 11 secs. Auto Shutoff: 5.25728e-05
24.5262% complete. Max time remaining: 20 mins, 27 secs. Auto Shutoff: 2.95627e-05
25.6244% complete. Max time remaining: 19 mins, 45 secs. Auto Shutoff: 1.73321e-05
100% complete. Max time remaining: 0 mins, 0 secs. Auto Shutoff: 8.36204e-06
Early termination of simulation, the autoshutoff criteria are satisfied.
Completed 6855 iterations, or 2.613914e-13s of Simulation Time
Process 0 starting to collect data
    collecting monitor data
    collecting source data
Finished collecting data
Simulation completed successfully at: Wed Sep 14 10:52:21 2022
Overall wall time measurements in seconds: 443.951
    time to mesh and initialize: 3.64749
    time to run FDTD simulation: 412.917
    time to checkpoint simulation: 8e-07
    time to finalize data and save to files: 11.1193
    miscellaneous time: 16.2675
    FDTD solver speed on process 0: 6.03141 Mnodes/s
    total FDTD solver speed on 10 processes: 60.3141 Mnodes/s
