Ansys Lumerical 2022 R1 FDTD Solver Version 8.27.2898 (Windows 64bit)
 expires (month/day/year): 1/22/2023
using config file: C:/Users/Photonics/AppData/Roaming/Lumerical/License.ini
license host: 10.230.10.33
current time: Wed Sep 14 10:45:13 2022
Running on host: DESKTOP-27TFSEM
host available memory (GB): 108.090606
All processes are communicating and ready to proceed to simulation...
Running fsp file: C:\Program Files\Lumerical\v221\bin\fdtd-engine-msmpi.exe -t 1 -remote C:/Users/Photonics/Documents/Github/PolSplitter_Optimization/Simulations/FDTD/superopt_0/opts_0/adjoint_0.fsp
Starting meshing
Simulation size in gridpoints: 1 x 52 x 29
Refined 0 mesh cells (0%)
Completed meshing!
Meshing complete in 0.015625 seconds of CPU time
Starting meshing
Simulation size in gridpoints: 1 x 52 x 29
Refined 0 mesh cells (0%)
Completed meshing!
Meshing complete in 0.03125 seconds of CPU time
Starting meshing
Simulation size in gridpoints: 1 x 52 x 29
Refined 0 mesh cells (0%)
Completed meshing!
Meshing complete in 0.015625 seconds of CPU time
number of processors is 10
processors are distributed as: 5x2x1
Running 3D Simulation
Starting meshing
Simulation size in gridpoints: 71 x 119 x 43
Refined 0 mesh cells (0%)
Completed meshing!
Meshing complete in 0.25 seconds of CPU time
0 0
Starting meshing
Simulation size in gridpoints: 71 x 119 x 43
Refined 0 mesh cells (0%)
Completed meshing!
Meshing complete in 0.25 seconds of CPU time
0 0
Starting meshing
Simulation size in gridpoints: 71 x 119 x 43
Refined 0 mesh cells (0%)
Completed meshing!
Meshing complete in 0.34375 seconds of CPU time
0 0
finished material properties
Meshing Time: 0.644756 seconds, Init Electrical Material Time: 0.0652572 seconds, Init Magnetic Material Time: 0.0020412
Using selected optimization level: 2
Selecting 3d kernel for splitFieldDirection=0 and optLevel=2
-----------------------------------------
Beginning initialization of 3D Simulation
Starting to add sources to simulation
Adding 3D Mode source propagating in X
Starting to add boundary conditions to simulation
Adding 3D PML BC
Adding 3D Parallel BC
Adding 3D PML BC
Adding 3D Parallel BC
Adding 3D Anti-Symmetric BC
Adding 3D PML BC
Starting to add monitors to Simulation
Adding analysis monitor
Adding 3D DFT monitor
Adding 3D DFT monitor
Adding 3D index monitor
Finished initialization of 3D Simulation
-----------------------------------------
All processes are communicating and ready to proceed to simulation...
Starting 26225 total iterations
0.183031% complete. Max time remaining: 15 mins, 18 secs. Auto Shutoff: 1
1.28122% complete. Max time remaining: 22 mins, 34 secs. Auto Shutoff: 1
2.3184% complete. Max time remaining: 24 mins, 53 secs. Auto Shutoff: 1
3.41658% complete. Max time remaining: 25 mins, 36 secs. Auto Shutoff: 1
4.45376% complete. Max time remaining: 25 mins, 50 secs. Auto Shutoff: 1
5.49094% complete. Max time remaining: 25 mins, 57 secs. Auto Shutoff: 1
6.52811% complete. Max time remaining: 25 mins, 50 secs. Auto Shutoff: 0.990286
7.56529% complete. Max time remaining: 25 mins, 41 secs. Auto Shutoff: 0.950167
8.60247% complete. Max time remaining: 25 mins, 30 secs. Auto Shutoff: 0.838796
9.63964% complete. Max time remaining: 25 mins, 18 secs. Auto Shutoff: 0.733136
10.6768% complete. Max time remaining: 25 mins, 5 secs. Auto Shutoff: 0.60231
11.714% complete. Max time remaining: 24 mins, 51 secs. Auto Shutoff: 0.340025
12.7512% complete. Max time remaining: 24 mins, 36 secs. Auto Shutoff: 0.0607073
13.7883% complete. Max time remaining: 24 mins, 22 secs. Auto Shutoff: 0.00834902
14.8255% complete. Max time remaining: 24 mins, 7 secs. Auto Shutoff: 0.000726634
15.8627% complete. Max time remaining: 23 mins, 51 secs. Auto Shutoff: 0.000342363
16.8999% complete. Max time remaining: 23 mins, 34 secs. Auto Shutoff: 0.000212586
17.9371% complete. Max time remaining: 23 mins, 18 secs. Auto Shutoff: 0.000169281
18.9742% complete. Max time remaining: 23 mins, 1 secs. Auto Shutoff: 0.000102991
20.0114% complete. Max time remaining: 22 mins, 45 secs. Auto Shutoff: 4.62568e-05
21.0486% complete. Max time remaining: 22 mins, 28 secs. Auto Shutoff: 2.20873e-05
100% complete. Max time remaining: 0 mins, 0 secs. Auto Shutoff: 9.69747e-06
Early termination of simulation, the autoshutoff criteria are satisfied.
Completed 5643 iterations, or 2.151760e-13s of Simulation Time
Process 0 starting to collect data
    collecting monitor data
    collecting source data
Finished collecting data
Simulation completed successfully at: Wed Sep 14 10:51:44 2022
Overall wall time measurements in seconds: 406.49
    time to mesh and initialize: 3.59249
    time to run FDTD simulation: 367.553
    time to checkpoint simulation: 1.1e-06
    time to finalize data and save to files: 19.8356
    miscellaneous time: 15.5089
    FDTD solver speed on process 0: 5.57781 Mnodes/s
    total FDTD solver speed on 10 processes: 55.7781 Mnodes/s
