Ansys Lumerical 2022 R1 FDTD Solver Version 8.27.2898 (Windows 64bit)
 expires (month/day/year): 1/22/2023
using config file: C:/Users/Photonics/AppData/Roaming/Lumerical/License.ini
license host: 10.230.10.33
current time: Wed Sep 14 10:45:13 2022
Running on host: DESKTOP-27TFSEM
host available memory (GB): 108.090995
All processes are communicating and ready to proceed to simulation...
Running fsp file: C:\Program Files\Lumerical\v221\bin\fdtd-engine-msmpi.exe -t 1 -remote C:/Users/Photonics/Documents/Github/PolSplitter_Optimization/Simulations/FDTD/superopt_0/opts_0/forward_0.fsp
Starting meshing
Simulation size in gridpoints: 1 x 222 x 23
Refined 0 mesh cells (0%)
Completed meshing!
Meshing complete in 0.015625 seconds of CPU time
Starting meshing
Simulation size in gridpoints: 1 x 222 x 23
Refined 0 mesh cells (0%)
Completed meshing!
Meshing complete in 0.03125 seconds of CPU time
Starting meshing
Simulation size in gridpoints: 1 x 222 x 23
Refined 0 mesh cells (0%)
Completed meshing!
Meshing complete in 0.015625 seconds of CPU time
number of processors is 10
processors are distributed as: 5x2x1
Running 3D Simulation
Starting meshing
Simulation size in gridpoints: 71 x 119 x 43
Refined 0 mesh cells (0%)
Completed meshing!
Meshing complete in 0.375 seconds of CPU time
0 0
Starting meshing
Simulation size in gridpoints: 71 x 119 x 43
Refined 0 mesh cells (0%)
Completed meshing!
Meshing complete in 0.296875 seconds of CPU time
0 0
Starting meshing
Simulation size in gridpoints: 71 x 119 x 43
Refined 0 mesh cells (0%)
Completed meshing!
Meshing complete in 0.34375 seconds of CPU time
0 0
finished material properties
Meshing Time: 0.751599 seconds, Init Electrical Material Time: 0.0618137 seconds, Init Magnetic Material Time: 0.0018607
Using selected optimization level: 2
Selecting 3d kernel for splitFieldDirection=0 and optLevel=2
-----------------------------------------
Beginning initialization of 3D Simulation
Starting to add sources to simulation
Adding 3D Mode source propagating in X
Starting to add boundary conditions to simulation
Adding 3D PML BC
Adding 3D Parallel BC
Adding 3D PML BC
Adding 3D Parallel BC
Adding 3D Anti-Symmetric BC
Adding 3D PML BC
Starting to add monitors to Simulation
Adding analysis monitor
Adding 3D DFT monitor
Adding 3D DFT monitor
Adding 3D index monitor
Finished initialization of 3D Simulation
-----------------------------------------
All processes are communicating and ready to proceed to simulation...
Starting 26225 total iterations
0.183031% complete. Max time remaining: 21 mins, 22 secs. Auto Shutoff: 1
1.28122% complete. Max time remaining: 24 mins, 8 secs. Auto Shutoff: 1
2.3184% complete. Max time remaining: 25 mins, 44 secs. Auto Shutoff: 1
3.41658% complete. Max time remaining: 26 mins, 16 secs. Auto Shutoff: 1
4.45376% complete. Max time remaining: 26 mins, 18 secs. Auto Shutoff: 1
5.49094% complete. Max time remaining: 26 mins, 16 secs. Auto Shutoff: 1
6.52811% complete. Max time remaining: 26 mins, 10 secs. Auto Shutoff: 0.983382
7.56529% complete. Max time remaining: 26 mins, 0 secs. Auto Shutoff: 0.939106
8.66348% complete. Max time remaining: 25 mins, 44 secs. Auto Shutoff: 0.853607
9.70065% complete. Max time remaining: 25 mins, 29 secs. Auto Shutoff: 0.747885
10.7378% complete. Max time remaining: 25 mins, 15 secs. Auto Shutoff: 0.532891
11.836% complete. Max time remaining: 24 mins, 58 secs. Auto Shutoff: 0.348315
12.8732% complete. Max time remaining: 24 mins, 41 secs. Auto Shutoff: 0.083153
13.9104% complete. Max time remaining: 24 mins, 25 secs. Auto Shutoff: 0.00740132
14.9475% complete. Max time remaining: 24 mins, 10 secs. Auto Shutoff: 0.00244963
15.9847% complete. Max time remaining: 23 mins, 54 secs. Auto Shutoff: 0.00121297
17.0219% complete. Max time remaining: 23 mins, 37 secs. Auto Shutoff: 0.000621743
18.0591% complete. Max time remaining: 23 mins, 20 secs. Auto Shutoff: 0.000318944
19.0963% complete. Max time remaining: 23 mins, 3 secs. Auto Shutoff: 0.000208992
20.1334% complete. Max time remaining: 22 mins, 46 secs. Auto Shutoff: 7.76807e-05
21.1706% complete. Max time remaining: 22 mins, 29 secs. Auto Shutoff: 2.06321e-05
100% complete. Max time remaining: 0 mins, 0 secs. Auto Shutoff: 7.32698e-06
Early termination of simulation, the autoshutoff criteria are satisfied.
Completed 5744 iterations, or 2.190273e-13s of Simulation Time
Process 0 starting to collect data
    collecting monitor data
    collecting source data
Finished collecting data
Simulation completed successfully at: Wed Sep 14 10:51:48 2022
Overall wall time measurements in seconds: 410.815
    time to mesh and initialize: 3.52484
    time to run FDTD simulation: 373.797
    time to checkpoint simulation: 7e-07
    time to finalize data and save to files: 17.2938
    miscellaneous time: 16.1998
    FDTD solver speed on process 0: 5.58281 Mnodes/s
    total FDTD solver speed on 10 processes: 55.8281 Mnodes/s
