Ansys Lumerical 2022 R1 FDTD Solver Version 8.27.2898 (Windows 64bit)
 expires (month/day/year): 1/22/2023
using config file: C:/Users/Photonics/AppData/Roaming/Lumerical/License.ini
license host: 10.230.10.33
current time: Sun Sep 11 14:01:23 2022
Running on host: DESKTOP-27TFSEM
host available memory (GB): 106.062221
All processes are communicating and ready to proceed to simulation...
Running fsp file: C:\Program Files\Lumerical\v221\bin\fdtd-engine-msmpi.exe -t 1 -remote C:/Users/Photonics/Documents/Github/PolSplitter_Optimization/Simulations/FDTD/superopt_1/opts_1/adjoint_0.fsp
Starting meshing
Simulation size in gridpoints: 1 x 52 x 29
Refined 0 mesh cells (0%)
Completed meshing!
Meshing complete in 0.03125 seconds of CPU time
Starting meshing
Simulation size in gridpoints: 1 x 52 x 29
Refined 0 mesh cells (0%)
Completed meshing!
Meshing complete in 0.015625 seconds of CPU time
Starting meshing
Simulation size in gridpoints: 1 x 52 x 29
Refined 0 mesh cells (0%)
Completed meshing!
Meshing complete in 0.03125 seconds of CPU time
number of processors is 5
processors are distributed as: 5x1x1
Running 3D Simulation
Starting meshing
Simulation size in gridpoints: 71 x 236 x 43
Refined 0 mesh cells (0%)
Completed meshing!
Meshing complete in 0.5 seconds of CPU time
0 0
Starting meshing
Simulation size in gridpoints: 71 x 236 x 43
Refined 0 mesh cells (0%)
Completed meshing!
Meshing complete in 0.5 seconds of CPU time
0 0
Starting meshing
Simulation size in gridpoints: 71 x 236 x 43
Refined 0 mesh cells (0%)
Completed meshing!
Meshing complete in 0.453125 seconds of CPU time
0 0
finished material properties
Meshing Time: 1.05132 seconds, Init Electrical Material Time: 0.109732 seconds, Init Magnetic Material Time: 0.0039152
Using selected optimization level: 2
Selecting 3d kernel for splitFieldDirection=0 and optLevel=2
-----------------------------------------
Beginning initialization of 3D Simulation
Starting to add sources to simulation
Adding 3D Mode source propagating in X
Starting to add boundary conditions to simulation
Adding 3D PML BC
Adding 3D Parallel BC
Adding 3D PML BC
Adding 3D PML BC
Adding 3D Symmetric BC
Adding 3D PML BC
Starting to add monitors to Simulation
Adding analysis monitor
Adding 3D DFT monitor
Adding 3D DFT monitor
Adding 3D index monitor
Finished initialization of 3D Simulation
-----------------------------------------
All processes are communicating and ready to proceed to simulation...
Starting 26225 total iterations
0.122021% complete. Max time remaining: 29 mins, 7 secs. Auto Shutoff: 1
1.22021% complete. Max time remaining: 28 mins, 28 secs. Auto Shutoff: 1
2.25738% complete. Max time remaining: 28 mins, 7 secs. Auto Shutoff: 1
3.29456% complete. Max time remaining: 27 mins, 52 secs. Auto Shutoff: 1
4.33174% complete. Max time remaining: 27 mins, 31 secs. Auto Shutoff: 1
5.42993% complete. Max time remaining: 27 mins, 14 secs. Auto Shutoff: 1
6.4671% complete. Max time remaining: 26 mins, 56 secs. Auto Shutoff: 1.05683
7.50428% complete. Max time remaining: 26 mins, 39 secs. Auto Shutoff: 1.07338
8.54146% complete. Max time remaining: 26 mins, 21 secs. Auto Shutoff: 0.939807
9.63964% complete. Max time remaining: 26 mins, 2 secs. Auto Shutoff: 0.888927
10.6768% complete. Max time remaining: 25 mins, 44 secs. Auto Shutoff: 0.900608
11.714% complete. Max time remaining: 25 mins, 26 secs. Auto Shutoff: 0.622026
12.8122% complete. Max time remaining: 25 mins, 9 secs. Auto Shutoff: 0.0778752
13.8494% complete. Max time remaining: 24 mins, 51 secs. Auto Shutoff: 0.00659347
14.8865% complete. Max time remaining: 24 mins, 32 secs. Auto Shutoff: 0.00285979
15.9237% complete. Max time remaining: 24 mins, 14 secs. Auto Shutoff: 0.0012006
17.0219% complete. Max time remaining: 23 mins, 55 secs. Auto Shutoff: 0.00107947
18.0591% complete. Max time remaining: 23 mins, 37 secs. Auto Shutoff: 0.000499731
19.0963% complete. Max time remaining: 23 mins, 19 secs. Auto Shutoff: 0.000267102
20.1334% complete. Max time remaining: 23 mins, 1 secs. Auto Shutoff: 0.000141828
21.2316% complete. Max time remaining: 22 mins, 31 secs. Auto Shutoff: 6.14429e-05
22.3298% complete. Max time remaining: 21 mins, 50 secs. Auto Shutoff: 2.84806e-05
23.428% complete. Max time remaining: 21 mins, 10 secs. Auto Shutoff: 2.62928e-05
24.5262% complete. Max time remaining: 20 mins, 32 secs. Auto Shutoff: 1.36024e-05
100% complete. Max time remaining: 0 mins, 0 secs. Auto Shutoff: 8.70687e-06
Early termination of simulation, the autoshutoff criteria are satisfied.
Completed 6451 iterations, or 2.459863e-13s of Simulation Time
Process 0 starting to collect data
    collecting monitor data
    collecting source data
Finished collecting data
Simulation completed successfully at: Sun Sep 11 14:08:20 2022
Overall wall time measurements in seconds: 442.821
    time to mesh and initialize: 6.5501
    time to run FDTD simulation: 400.944
    time to checkpoint simulation: 1.2e-06
    time to finalize data and save to files: 8.68294
    miscellaneous time: 26.6437
    FDTD solver speed on process 0: 11.5926 Mnodes/s
    total FDTD solver speed on 5 processes: 57.9631 Mnodes/s
