Ansys Lumerical 2022 R1 FDTD Solver Version 8.27.2898 (Windows 64bit)
 expires (month/day/year): 1/22/2023
using config file: C:/Users/Photonics/AppData/Roaming/Lumerical/License.ini
license host: 10.230.10.33
current time: Sun Sep 11 14:01:12 2022
Running on host: DESKTOP-27TFSEM
host available memory (GB): 109.821116
All processes are communicating and ready to proceed to simulation...
Running fsp file: C:\Program Files\Lumerical\v221\bin\fdtd-engine-msmpi.exe -t 1 -remote C:/Users/Photonics/Documents/Github/PolSplitter_Optimization/Simulations/FDTD/superopt_1/opts_1/forward_0.fsp
Starting meshing
Simulation size in gridpoints: 1 x 222 x 23
Refined 0 mesh cells (0%)
Completed meshing!
Meshing complete in 0.03125 seconds of CPU time
Starting meshing
Simulation size in gridpoints: 1 x 222 x 23
Refined 0 mesh cells (0%)
Completed meshing!
Meshing complete in 0.015625 seconds of CPU time
Starting meshing
Simulation size in gridpoints: 1 x 222 x 23
Refined 0 mesh cells (0%)
Completed meshing!
Meshing complete in 0.015625 seconds of CPU time
number of processors is 5
processors are distributed as: 5x1x1
Running 3D Simulation
Starting meshing
Simulation size in gridpoints: 71 x 236 x 43
Refined 0 mesh cells (0%)
Completed meshing!
Meshing complete in 0.71875 seconds of CPU time
0 0
Starting meshing
Simulation size in gridpoints: 71 x 236 x 43
Refined 0 mesh cells (0%)
Completed meshing!
Meshing complete in 0.53125 seconds of CPU time
0 0
Starting meshing
Simulation size in gridpoints: 71 x 236 x 43
Refined 0 mesh cells (0%)
Completed meshing!
Meshing complete in 0.5 seconds of CPU time
0 0
finished material properties
Meshing Time: 1.27835 seconds, Init Electrical Material Time: 0.134896 seconds, Init Magnetic Material Time: 0.0037882
Using selected optimization level: 2
Selecting 3d kernel for splitFieldDirection=0 and optLevel=2
-----------------------------------------
Beginning initialization of 3D Simulation
Starting to add sources to simulation
Adding 3D Mode source propagating in X
Starting to add boundary conditions to simulation
Adding 3D PML BC
Adding 3D Parallel BC
Adding 3D PML BC
Adding 3D PML BC
Adding 3D Symmetric BC
Adding 3D PML BC
Starting to add monitors to Simulation
Adding analysis monitor
Adding 3D DFT monitor
Adding 3D DFT monitor
Adding 3D index monitor
Finished initialization of 3D Simulation
-----------------------------------------
All processes are communicating and ready to proceed to simulation...
Starting 26225 total iterations
0.183031% complete. Max time remaining: 22 mins, 54 secs. Auto Shutoff: 1
1.22021% complete. Max time remaining: 25 mins, 2 secs. Auto Shutoff: 1
2.25738% complete. Max time remaining: 26 mins, 15 secs. Auto Shutoff: 1
3.29456% complete. Max time remaining: 26 mins, 34 secs. Auto Shutoff: 1
4.39275% complete. Max time remaining: 26 mins, 36 secs. Auto Shutoff: 1
5.42993% complete. Max time remaining: 26 mins, 30 secs. Auto Shutoff: 1
6.4671% complete. Max time remaining: 26 mins, 18 secs. Auto Shutoff: 0.985471
7.50428% complete. Max time remaining: 26 mins, 6 secs. Auto Shutoff: 1.02682
8.54146% complete. Max time remaining: 25 mins, 52 secs. Auto Shutoff: 0.951116
9.57863% complete. Max time remaining: 25 mins, 39 secs. Auto Shutoff: 0.948692
10.6768% complete. Max time remaining: 25 mins, 22 secs. Auto Shutoff: 0.904431
11.714% complete. Max time remaining: 25 mins, 7 secs. Auto Shutoff: 0.599519
12.7512% complete. Max time remaining: 24 mins, 51 secs. Auto Shutoff: 0.0830117
13.7883% complete. Max time remaining: 24 mins, 36 secs. Auto Shutoff: 0.0316813
14.8255% complete. Max time remaining: 24 mins, 19 secs. Auto Shutoff: 0.0136145
15.8627% complete. Max time remaining: 24 mins, 3 secs. Auto Shutoff: 0.00691248
16.8999% complete. Max time remaining: 23 mins, 45 secs. Auto Shutoff: 0.00566517
17.9371% complete. Max time remaining: 23 mins, 28 secs. Auto Shutoff: 0.00270248
18.9742% complete. Max time remaining: 23 mins, 11 secs. Auto Shutoff: 0.000627851
20.0724% complete. Max time remaining: 22 mins, 53 secs. Auto Shutoff: 0.000157837
21.1096% complete. Max time remaining: 22 mins, 35 secs. Auto Shutoff: 7.23394e-05
22.2078% complete. Max time remaining: 22 mins, 4 secs. Auto Shutoff: 4.1341e-05
23.306% complete. Max time remaining: 21 mins, 24 secs. Auto Shutoff: 2.8112e-05
24.4042% complete. Max time remaining: 20 mins, 46 secs. Auto Shutoff: 1.46969e-05
100% complete. Max time remaining: 0 mins, 0 secs. Auto Shutoff: 7.63117e-06
Early termination of simulation, the autoshutoff criteria are satisfied.
Completed 6552 iterations, or 2.498376e-13s of Simulation Time
Process 0 starting to collect data
    collecting monitor data
    collecting source data
Finished collecting data
Simulation completed successfully at: Sun Sep 11 14:08:16 2022
Overall wall time measurements in seconds: 438.728
    time to mesh and initialize: 4.99471
    time to run FDTD simulation: 408.612
    time to checkpoint simulation: 8e-07
    time to finalize data and save to files: 9.10629
    miscellaneous time: 16.0147
    FDTD solver speed on process 0: 11.5532 Mnodes/s
    total FDTD solver speed on 5 processes: 57.7659 Mnodes/s
