Ansys Lumerical 2022 R1 FDTD Solver Version 8.27.2898 (Windows 64bit)
 expires (month/day/year): 1/22/2023
using config file: C:/Users/Photonics/AppData/Roaming/Lumerical/License.ini
license host: 10.230.10.33
current time: Tue Sep 13 00:19:17 2022
Running on host: DESKTOP-27TFSEM
host available memory (GB): 105.147814
All processes are communicating and ready to proceed to simulation...
Running fsp file: C:\Program Files\Lumerical\v221\bin\fdtd-engine-msmpi.exe -t 1 -remote C:/Users/Photonics/Documents/Github/PolSplitter_Optimization/Simulations/FDTD/superopt_3/opts_0/adjoint_0.fsp
Starting meshing
Simulation size in gridpoints: 1 x 52 x 29
Refined 0 mesh cells (0%)
Completed meshing!
Meshing complete in 0.015625 seconds of CPU time
Starting meshing
Simulation size in gridpoints: 1 x 52 x 29
Refined 0 mesh cells (0%)
Completed meshing!
Meshing complete in 0.03125 seconds of CPU time
Starting meshing
Simulation size in gridpoints: 1 x 52 x 29
Refined 0 mesh cells (0%)
Completed meshing!
Meshing complete in 0.015625 seconds of CPU time
number of processors is 10
processors are distributed as: 5x2x1
Running 3D Simulation
Starting meshing
Simulation size in gridpoints: 71 x 127 x 43
Refined 0 mesh cells (0%)
Completed meshing!
Meshing complete in 0.765625 seconds of CPU time
0 0
Starting meshing
Simulation size in gridpoints: 71 x 127 x 43
Refined 0 mesh cells (0%)
Completed meshing!
Meshing complete in 0.609375 seconds of CPU time
0 0
Starting meshing
Simulation size in gridpoints: 71 x 127 x 43
Refined 0 mesh cells (0%)
Completed meshing!
Meshing complete in 0.546875 seconds of CPU time
0 0
finished material properties
Meshing Time: 1.36278 seconds, Init Electrical Material Time: 0.0670202 seconds, Init Magnetic Material Time: 0.0022653
Using selected optimization level: 2
Selecting 3d kernel for splitFieldDirection=0 and optLevel=2
-----------------------------------------
Beginning initialization of 3D Simulation
Starting to add sources to simulation
Adding 3D Mode source propagating in X
Starting to add boundary conditions to simulation
Adding 3D PML BC
Adding 3D Parallel BC
Adding 3D PML BC
Adding 3D Parallel BC
Adding 3D Anti-Symmetric BC
Adding 3D PML BC
Starting to add monitors to Simulation
Adding analysis monitor
Adding 3D DFT monitor
Adding 3D DFT monitor
Adding 3D index monitor
Finished initialization of 3D Simulation
-----------------------------------------
All processes are communicating and ready to proceed to simulation...
Starting 26225 total iterations
0.183031% complete. Max time remaining: 16 mins, 38 secs. Auto Shutoff: 1
1.28122% complete. Max time remaining: 15 mins, 55 secs. Auto Shutoff: 1
2.37941% complete. Max time remaining: 15 mins, 44 secs. Auto Shutoff: 1
3.47759% complete. Max time remaining: 15 mins, 32 secs. Auto Shutoff: 1
4.57578% complete. Max time remaining: 15 mins, 22 secs. Auto Shutoff: 1
5.67397% complete. Max time remaining: 15 mins, 11 secs. Auto Shutoff: 1
6.77215% complete. Max time remaining: 14 mins, 60 secs. Auto Shutoff: 0.781609
7.87034% complete. Max time remaining: 14 mins, 49 secs. Auto Shutoff: 0.66903
8.96853% complete. Max time remaining: 14 mins, 38 secs. Auto Shutoff: 0.502591
10.0667% complete. Max time remaining: 14 mins, 28 secs. Auto Shutoff: 0.316924
11.1649% complete. Max time remaining: 14 mins, 17 secs. Auto Shutoff: 0.143292
12.2631% complete. Max time remaining: 14 mins, 6 secs. Auto Shutoff: 0.0604702
13.3613% complete. Max time remaining: 13 mins, 55 secs. Auto Shutoff: 0.0130958
14.4595% complete. Max time remaining: 13 mins, 45 secs. Auto Shutoff: 0.00507397
15.5577% complete. Max time remaining: 13 mins, 34 secs. Auto Shutoff: 0.00237206
16.6558% complete. Max time remaining: 13 mins, 23 secs. Auto Shutoff: 0.00112523
17.754% complete. Max time remaining: 13 mins, 13 secs. Auto Shutoff: 0.000609581
18.8522% complete. Max time remaining: 13 mins, 2 secs. Auto Shutoff: 0.000369814
19.9504% complete. Max time remaining: 12 mins, 52 secs. Auto Shutoff: 0.00024773
21.0486% complete. Max time remaining: 12 mins, 41 secs. Auto Shutoff: 0.000173995
22.1468% complete. Max time remaining: 12 mins, 30 secs. Auto Shutoff: 0.000106648
23.245% complete. Max time remaining: 12 mins, 20 secs. Auto Shutoff: 4.80962e-05
24.3431% complete. Max time remaining: 12 mins, 9 secs. Auto Shutoff: 2.40614e-05
25.4413% complete. Max time remaining: 11 mins, 59 secs. Auto Shutoff: 1.43369e-05
100% complete. Max time remaining: 0 mins, 0 secs. Auto Shutoff: 9.04577e-06
Early termination of simulation, the autoshutoff criteria are satisfied.
Completed 6855 iterations, or 2.613914e-13s of Simulation Time
Process 0 starting to collect data
    collecting monitor data
    collecting source data
Finished collecting data
Simulation completed successfully at: Tue Sep 13 00:23:44 2022
Overall wall time measurements in seconds: 292.492
    time to mesh and initialize: 5.63312
    time to run FDTD simulation: 251.941
    time to checkpoint simulation: 7e-07
    time to finalize data and save to files: 8.45472
    miscellaneous time: 26.4629
    FDTD solver speed on process 0: 10.5497 Mnodes/s
    total FDTD solver speed on 10 processes: 105.497 Mnodes/s
