Ansys Lumerical 2022 R1 FDTD Solver Version 8.27.2898 (Windows 64bit)
 expires (month/day/year): 1/22/2023
using config file: C:/Users/Photonics/AppData/Roaming/Lumerical/License.ini
license host: 10.230.10.33
current time: Tue Sep 13 00:19:06 2022
Running on host: DESKTOP-27TFSEM
host available memory (GB): 106.481246
All processes are communicating and ready to proceed to simulation...
Running fsp file: C:\Program Files\Lumerical\v221\bin\fdtd-engine-msmpi.exe -t 1 -remote C:/Users/Photonics/Documents/Github/PolSplitter_Optimization/Simulations/FDTD/superopt_3/opts_1/adjoint_0.fsp
Starting meshing
Simulation size in gridpoints: 1 x 52 x 29
Refined 0 mesh cells (0%)
Completed meshing!
Meshing complete in 0.015625 seconds of CPU time
Starting meshing
Simulation size in gridpoints: 1 x 52 x 29
Refined 0 mesh cells (0%)
Completed meshing!
Meshing complete in 0.03125 seconds of CPU time
Starting meshing
Simulation size in gridpoints: 1 x 52 x 29
Refined 0 mesh cells (0%)
Completed meshing!
Meshing complete in 0.015625 seconds of CPU time
number of processors is 10
processors are distributed as: 5x2x1
Running 3D Simulation
Starting meshing
Simulation size in gridpoints: 71 x 127 x 43
Refined 0 mesh cells (0%)
Completed meshing!
Meshing complete in 0.640625 seconds of CPU time
0 0
Starting meshing
Simulation size in gridpoints: 71 x 127 x 43
Refined 0 mesh cells (0%)
Completed meshing!
Meshing complete in 0.53125 seconds of CPU time
0 0
Starting meshing
Simulation size in gridpoints: 71 x 127 x 43
Refined 0 mesh cells (0%)
Completed meshing!
Meshing complete in 0.515625 seconds of CPU time
0 0
finished material properties
Meshing Time: 1.17492 seconds, Init Electrical Material Time: 0.0598854 seconds, Init Magnetic Material Time: 0.0018767
Using selected optimization level: 2
Selecting 3d kernel for splitFieldDirection=0 and optLevel=2
-----------------------------------------
Beginning initialization of 3D Simulation
Starting to add sources to simulation
Adding 3D Mode source propagating in X
Starting to add boundary conditions to simulation
Adding 3D PML BC
Adding 3D Parallel BC
Adding 3D PML BC
Adding 3D Parallel BC
Adding 3D Symmetric BC
Adding 3D PML BC
Starting to add monitors to Simulation
Adding analysis monitor
Adding 3D DFT monitor
Adding 3D DFT monitor
Adding 3D index monitor
Finished initialization of 3D Simulation
-----------------------------------------
All processes are communicating and ready to proceed to simulation...
Starting 26225 total iterations
0.183031% complete. Max time remaining: 10 mins, 9 secs. Auto Shutoff: 1
1.40324% complete. Max time remaining: 10 mins, 4 secs. Auto Shutoff: 1
2.50143% complete. Max time remaining: 11 mins, 18 secs. Auto Shutoff: 1
3.59961% complete. Max time remaining: 12 mins, 28 secs. Auto Shutoff: 1
4.6978% complete. Max time remaining: 13 mins, 2 secs. Auto Shutoff: 1
5.79599% complete. Max time remaining: 13 mins, 18 secs. Auto Shutoff: 1
6.89417% complete. Max time remaining: 13 mins, 26 secs. Auto Shutoff: 0.296292
7.99236% complete. Max time remaining: 13 mins, 29 secs. Auto Shutoff: 0.27173
9.09055% complete. Max time remaining: 13 mins, 27 secs. Auto Shutoff: 0.14651
10.1887% complete. Max time remaining: 13 mins, 26 secs. Auto Shutoff: 0.107038
11.2869% complete. Max time remaining: 13 mins, 21 secs. Auto Shutoff: 0.0550036
12.3851% complete. Max time remaining: 13 mins, 16 secs. Auto Shutoff: 0.0203614
13.4833% complete. Max time remaining: 13 mins, 10 secs. Auto Shutoff: 0.0131235
14.5815% complete. Max time remaining: 13 mins, 3 secs. Auto Shutoff: 0.0101671
15.6797% complete. Max time remaining: 12 mins, 56 secs. Auto Shutoff: 0.00574683
16.7779% complete. Max time remaining: 12 mins, 48 secs. Auto Shutoff: 0.00255555
17.876% complete. Max time remaining: 12 mins, 40 secs. Auto Shutoff: 0.00148036
18.9742% complete. Max time remaining: 12 mins, 31 secs. Auto Shutoff: 0.000809821
20.0724% complete. Max time remaining: 12 mins, 23 secs. Auto Shutoff: 0.000476511
21.1706% complete. Max time remaining: 12 mins, 14 secs. Auto Shutoff: 0.000236747
22.2688% complete. Max time remaining: 12 mins, 5 secs. Auto Shutoff: 0.000150876
23.367% complete. Max time remaining: 11 mins, 56 secs. Auto Shutoff: 9.48721e-05
24.4652% complete. Max time remaining: 11 mins, 46 secs. Auto Shutoff: 5.6953e-05
25.5634% complete. Max time remaining: 11 mins, 37 secs. Auto Shutoff: 3.21131e-05
26.6615% complete. Max time remaining: 11 mins, 28 secs. Auto Shutoff: 1.93749e-05
27.7597% complete. Max time remaining: 11 mins, 18 secs. Auto Shutoff: 1.0876e-05
100% complete. Max time remaining: 0 mins, 0 secs. Auto Shutoff: 8.8497e-06
Early termination of simulation, the autoshutoff criteria are satisfied.
Completed 7360 iterations, or 2.806478e-13s of Simulation Time
Process 0 starting to collect data
    collecting monitor data
    collecting source data
Finished collecting data
Simulation completed successfully at: Tue Sep 13 00:23:43 2022
Overall wall time measurements in seconds: 292.144
    time to mesh and initialize: 4.22359
    time to run FDTD simulation: 263.54
    time to checkpoint simulation: 8e-07
    time to finalize data and save to files: 8.89519
    miscellaneous time: 15.485
    FDTD solver speed on process 0: 10.8283 Mnodes/s
    total FDTD solver speed on 10 processes: 108.283 Mnodes/s
