Ansys Lumerical 2022 R1 FDTD Solver Version 8.27.2898 (Windows 64bit)
 expires (month/day/year): 1/22/2023
using config file: C:/Users/Photonics/AppData/Roaming/Lumerical/License.ini
license host: 10.230.10.33
current time: Tue Sep 13 00:12:42 2022
Running on host: DESKTOP-27TFSEM
host available memory (GB): 109.670425
All processes are communicating and ready to proceed to simulation...
Running fsp file: C:\Program Files\Lumerical\v221\bin\fdtd-engine-msmpi.exe -t 1 -remote C:/Users/Photonics/Documents/Github/PolSplitter_Optimization/Simulations/FDTD/superopt_3/opts_1/forward_0.fsp
Starting meshing
Simulation size in gridpoints: 1 x 238 x 23
Refined 0 mesh cells (0%)
Completed meshing!
Meshing complete in 0.015625 seconds of CPU time
Starting meshing
Simulation size in gridpoints: 1 x 238 x 23
Refined 0 mesh cells (0%)
Completed meshing!
Meshing complete in 0.046875 seconds of CPU time
Starting meshing
Simulation size in gridpoints: 1 x 238 x 23
Refined 0 mesh cells (0%)
Completed meshing!
Meshing complete in 0.03125 seconds of CPU time
number of processors is 10
processors are distributed as: 5x2x1
Running 3D Simulation
Starting meshing
Simulation size in gridpoints: 71 x 127 x 43
Refined 0 mesh cells (0%)
Completed meshing!
Meshing complete in 0.671875 seconds of CPU time
0 0
Starting meshing
Simulation size in gridpoints: 71 x 127 x 43
Refined 0 mesh cells (0%)
Completed meshing!
Meshing complete in 0.625 seconds of CPU time
0 0
Starting meshing
Simulation size in gridpoints: 71 x 127 x 43
Refined 0 mesh cells (0%)
Completed meshing!
Meshing complete in 0.578125 seconds of CPU time
0 0
finished material properties
Meshing Time: 1.28448 seconds, Init Electrical Material Time: 0.0850148 seconds, Init Magnetic Material Time: 0.0020117
Using selected optimization level: 2
Selecting 3d kernel for splitFieldDirection=0 and optLevel=2
-----------------------------------------
Beginning initialization of 3D Simulation
Starting to add sources to simulation
Adding 3D Mode source propagating in X
Starting to add boundary conditions to simulation
Adding 3D PML BC
Adding 3D Parallel BC
Adding 3D PML BC
Adding 3D Parallel BC
Adding 3D Symmetric BC
Adding 3D PML BC
Starting to add monitors to Simulation
Adding analysis monitor
Adding 3D DFT monitor
Adding 3D DFT monitor
Adding 3D index monitor
Finished initialization of 3D Simulation
-----------------------------------------
All processes are communicating and ready to proceed to simulation...
Starting 26225 total iterations
0.183031% complete. Max time remaining: 10 mins, 46 secs. Auto Shutoff: 1
1.40324% complete. Max time remaining: 10 mins, 33 secs. Auto Shutoff: 1
2.50143% complete. Max time remaining: 11 mins, 44 secs. Auto Shutoff: 1
3.59961% complete. Max time remaining: 12 mins, 49 secs. Auto Shutoff: 1
4.6978% complete. Max time remaining: 13 mins, 22 secs. Auto Shutoff: 1
5.79599% complete. Max time remaining: 13 mins, 35 secs. Auto Shutoff: 1
6.89417% complete. Max time remaining: 13 mins, 41 secs. Auto Shutoff: 0.764114
7.99236% complete. Max time remaining: 13 mins, 43 secs. Auto Shutoff: 0.432916
9.09055% complete. Max time remaining: 13 mins, 40 secs. Auto Shutoff: 0.33672
10.1887% complete. Max time remaining: 13 mins, 37 secs. Auto Shutoff: 0.414978
11.2869% complete. Max time remaining: 13 mins, 31 secs. Auto Shutoff: 0.104839
12.3851% complete. Max time remaining: 13 mins, 25 secs. Auto Shutoff: 0.053076
13.4833% complete. Max time remaining: 13 mins, 18 secs. Auto Shutoff: 0.0405758
14.5815% complete. Max time remaining: 13 mins, 11 secs. Auto Shutoff: 0.028558
15.6797% complete. Max time remaining: 13 mins, 3 secs. Auto Shutoff: 0.0197848
16.7779% complete. Max time remaining: 12 mins, 54 secs. Auto Shutoff: 0.00839955
17.876% complete. Max time remaining: 12 mins, 46 secs. Auto Shutoff: 0.00418467
18.9742% complete. Max time remaining: 12 mins, 37 secs. Auto Shutoff: 0.00286335
20.0724% complete. Max time remaining: 12 mins, 29 secs. Auto Shutoff: 0.00177819
21.1706% complete. Max time remaining: 12 mins, 20 secs. Auto Shutoff: 0.00104937
22.2688% complete. Max time remaining: 12 mins, 10 secs. Auto Shutoff: 0.000714446
23.367% complete. Max time remaining: 12 mins, 1 secs. Auto Shutoff: 0.000409259
24.4652% complete. Max time remaining: 11 mins, 52 secs. Auto Shutoff: 0.000272627
25.5634% complete. Max time remaining: 11 mins, 43 secs. Auto Shutoff: 0.000148474
26.6615% complete. Max time remaining: 11 mins, 34 secs. Auto Shutoff: 8.06551e-05
27.7597% complete. Max time remaining: 11 mins, 24 secs. Auto Shutoff: 5.31773e-05
28.8579% complete. Max time remaining: 11 mins, 14 secs. Auto Shutoff: 3.1055e-05
29.9561% complete. Max time remaining: 11 mins, 4 secs. Auto Shutoff: 2.18756e-05
31.0543% complete. Max time remaining: 10 mins, 54 secs. Auto Shutoff: 1.26144e-05
100% complete. Max time remaining: 0 mins, 0 secs. Auto Shutoff: 8.86039e-06
Early termination of simulation, the autoshutoff criteria are satisfied.
Completed 8269 iterations, or 3.153094e-13s of Simulation Time
Process 0 starting to collect data
    collecting monitor data
    collecting source data
Finished collecting data
Simulation completed successfully at: Tue Sep 13 00:17:54 2022
Overall wall time measurements in seconds: 326.467
    time to mesh and initialize: 4.24756
    time to run FDTD simulation: 297.605
    time to checkpoint simulation: 1e-06
    time to finalize data and save to files: 8.60811
    miscellaneous time: 16.0066
    FDTD solver speed on process 0: 10.7732 Mnodes/s
    total FDTD solver speed on 10 processes: 107.732 Mnodes/s
