Ansys Lumerical 2022 R1 FDTD Solver Version 8.27.2898 (Windows 64bit)
 expires (month/day/year): 1/22/2023
using config file: C:/Users/Photonics/AppData/Roaming/Lumerical/License.ini
license host: 10.230.10.33
current time: Sat Sep 17 07:10:23 2022
Running on host: DESKTOP-27TFSEM
host available memory (GB): 111.289639
All processes are communicating and ready to proceed to simulation...
Running fsp file: C:\Program Files\Lumerical\v221\bin\fdtd-engine-msmpi.exe -t 1 -remote C:/Users/Photonics/Documents/Github/PolSplitter_Optimization/Simulations/FDTD/superopt_0/opts_1/adjoint_0.fsp
Starting meshing
Simulation size in gridpoints: 1 x 52 x 29
Refined 0 mesh cells (0%)
Completed meshing!
Meshing complete in 0.03125 seconds of CPU time
Starting meshing
Simulation size in gridpoints: 1 x 52 x 29
Refined 0 mesh cells (0%)
Completed meshing!
Meshing complete in 0.015625 seconds of CPU time
Starting meshing
Simulation size in gridpoints: 1 x 52 x 29
Refined 0 mesh cells (0%)
Completed meshing!
Meshing complete in 0.015625 seconds of CPU time
number of processors is 10
processors are distributed as: 5x2x1
Running 3D Simulation
Starting meshing
Simulation size in gridpoints: 71 x 119 x 43
Refined 0 mesh cells (0%)
Completed meshing!
Meshing complete in 0.328125 seconds of CPU time
0 0
Starting meshing
Simulation size in gridpoints: 71 x 119 x 43
Refined 0 mesh cells (0%)
Completed meshing!
Meshing complete in 0.25 seconds of CPU time
0 0
Starting meshing
Simulation size in gridpoints: 71 x 119 x 43
Refined 0 mesh cells (0%)
Completed meshing!
Meshing complete in 0.375 seconds of CPU time
0 0
finished material properties
Meshing Time: 0.750489 seconds, Init Electrical Material Time: 0.0643911 seconds, Init Magnetic Material Time: 0.0019438
Using selected optimization level: 2
Selecting 3d kernel for splitFieldDirection=0 and optLevel=2
-----------------------------------------
Beginning initialization of 3D Simulation
Starting to add sources to simulation
Adding 3D Mode source propagating in X
Starting to add boundary conditions to simulation
Adding 3D PML BC
Adding 3D Parallel BC
Adding 3D PML BC
Adding 3D Parallel BC
Adding 3D Symmetric BC
Adding 3D PML BC
Starting to add monitors to Simulation
Adding analysis monitor
Adding 3D DFT monitor
Adding 3D DFT monitor
Adding 3D index monitor
Finished initialization of 3D Simulation
-----------------------------------------
All processes are communicating and ready to proceed to simulation...
Starting 26225 total iterations
0.183031% complete. Max time remaining: 18 mins, 5 secs. Auto Shutoff: 1
1.22021% complete. Max time remaining: 22 mins, 46 secs. Auto Shutoff: 1
2.25738% complete. Max time remaining: 25 mins, 14 secs. Auto Shutoff: 1
3.29456% complete. Max time remaining: 25 mins, 55 secs. Auto Shutoff: 1
4.39275% complete. Max time remaining: 26 mins, 15 secs. Auto Shutoff: 1
5.42993% complete. Max time remaining: 26 mins, 16 secs. Auto Shutoff: 1
6.4671% complete. Max time remaining: 26 mins, 10 secs. Auto Shutoff: 1.05083
7.50428% complete. Max time remaining: 26 mins, 2 secs. Auto Shutoff: 1.0863
8.54146% complete. Max time remaining: 25 mins, 52 secs. Auto Shutoff: 0.955212
9.57863% complete. Max time remaining: 25 mins, 42 secs. Auto Shutoff: 0.922427
10.6768% complete. Max time remaining: 25 mins, 26 secs. Auto Shutoff: 0.930618
11.714% complete. Max time remaining: 25 mins, 10 secs. Auto Shutoff: 0.660548
12.8122% complete. Max time remaining: 24 mins, 55 secs. Auto Shutoff: 0.0844367
13.8494% complete. Max time remaining: 24 mins, 38 secs. Auto Shutoff: 0.00932282
14.8865% complete. Max time remaining: 24 mins, 23 secs. Auto Shutoff: 0.00465744
15.9237% complete. Max time remaining: 24 mins, 7 secs. Auto Shutoff: 0.00262762
16.9609% complete. Max time remaining: 23 mins, 51 secs. Auto Shutoff: 0.00150057
17.9981% complete. Max time remaining: 23 mins, 34 secs. Auto Shutoff: 0.00116522
19.0352% complete. Max time remaining: 23 mins, 16 secs. Auto Shutoff: 0.000644262
20.0724% complete. Max time remaining: 22 mins, 59 secs. Auto Shutoff: 0.000337115
21.1096% complete. Max time remaining: 22 mins, 42 secs. Auto Shutoff: 0.000196014
22.1468% complete. Max time remaining: 22 mins, 13 secs. Auto Shutoff: 7.21281e-05
23.245% complete. Max time remaining: 21 mins, 28 secs. Auto Shutoff: 3.54096e-05
24.3431% complete. Max time remaining: 20 mins, 43 secs. Auto Shutoff: 2.40884e-05
25.4413% complete. Max time remaining: 20 mins, 0 secs. Auto Shutoff: 1.18101e-05
100% complete. Max time remaining: 0 mins, 0 secs. Auto Shutoff: 8.16695e-06
Early termination of simulation, the autoshutoff criteria are satisfied.
Completed 6754 iterations, or 2.575401e-13s of Simulation Time
Process 0 starting to collect data
    collecting monitor data
    collecting source data
Finished collecting data
Simulation completed successfully at: Sat Sep 17 07:17:30 2022
Overall wall time measurements in seconds: 442.591
    time to mesh and initialize: 3.51823
    time to run FDTD simulation: 412.306
    time to checkpoint simulation: 7e-07
    time to finalize data and save to files: 11.2382
    miscellaneous time: 15.5286
    FDTD solver speed on process 0: 5.95135 Mnodes/s
    total FDTD solver speed on 10 processes: 59.5135 Mnodes/s
