Ansys Lumerical 2022 R1 FDTD Solver Version 8.27.2898 (Windows 64bit)
 expires (month/day/year): 1/22/2023
using config file: C:/Users/Photonics/AppData/Roaming/Lumerical/License.ini
license host: 10.230.10.33
current time: Sat Sep 17 07:10:34 2022
Running on host: DESKTOP-27TFSEM
host available memory (GB): 107.462914
All processes are communicating and ready to proceed to simulation...
Running fsp file: C:\Program Files\Lumerical\v221\bin\fdtd-engine-msmpi.exe -t 1 -remote C:/Users/Photonics/Documents/Github/PolSplitter_Optimization/Simulations/FDTD/superopt_0/opts_1/forward_0.fsp
Starting meshing
Simulation size in gridpoints: 1 x 222 x 23
Refined 0 mesh cells (0%)
Completed meshing!
Meshing complete in 0.03125 seconds of CPU time
Starting meshing
Simulation size in gridpoints: 1 x 222 x 23
Refined 0 mesh cells (0%)
Completed meshing!
Meshing complete in 0.015625 seconds of CPU time
Starting meshing
Simulation size in gridpoints: 1 x 222 x 23
Refined 0 mesh cells (0%)
Completed meshing!
Meshing complete in 0.03125 seconds of CPU time
number of processors is 10
processors are distributed as: 5x2x1
Running 3D Simulation
Starting meshing
Simulation size in gridpoints: 71 x 119 x 43
Refined 0 mesh cells (0%)
Completed meshing!
Meshing complete in 0.484375 seconds of CPU time
0 0
Starting meshing
Simulation size in gridpoints: 71 x 119 x 43
Refined 0 mesh cells (0%)
Completed meshing!
Meshing complete in 0.421875 seconds of CPU time
0 0
Starting meshing
Simulation size in gridpoints: 71 x 119 x 43
Refined 0 mesh cells (0%)
Completed meshing!
Meshing complete in 0.390625 seconds of CPU time
0 0
finished material properties
Meshing Time: 0.940133 seconds, Init Electrical Material Time: 0.073235 seconds, Init Magnetic Material Time: 0.0026101
Using selected optimization level: 2
Selecting 3d kernel for splitFieldDirection=0 and optLevel=2
-----------------------------------------
Beginning initialization of 3D Simulation
Starting to add sources to simulation
Adding 3D Mode source propagating in X
Starting to add boundary conditions to simulation
Adding 3D PML BC
Adding 3D Parallel BC
Adding 3D PML BC
Adding 3D Parallel BC
Adding 3D Symmetric BC
Adding 3D PML BC
Starting to add monitors to Simulation
Adding analysis monitor
Adding 3D DFT monitor
Adding 3D DFT monitor
Adding 3D index monitor
Finished initialization of 3D Simulation
-----------------------------------------
All processes are communicating and ready to proceed to simulation...
Starting 26225 total iterations
0.122021% complete. Max time remaining: 28 mins, 26 secs. Auto Shutoff: 1
1.1592% complete. Max time remaining: 28 mins, 43 secs. Auto Shutoff: 1
2.19637% complete. Max time remaining: 28 mins, 37 secs. Auto Shutoff: 1
3.23355% complete. Max time remaining: 28 mins, 18 secs. Auto Shutoff: 1
4.27073% complete. Max time remaining: 27 mins, 59 secs. Auto Shutoff: 1
5.3079% complete. Max time remaining: 27 mins, 41 secs. Auto Shutoff: 1
6.34508% complete. Max time remaining: 27 mins, 21 secs. Auto Shutoff: 1.01214
7.38226% complete. Max time remaining: 27 mins, 4 secs. Auto Shutoff: 1.06267
8.41943% complete. Max time remaining: 26 mins, 48 secs. Auto Shutoff: 0.981845
9.45661% complete. Max time remaining: 26 mins, 30 secs. Auto Shutoff: 0.920408
10.4938% complete. Max time remaining: 26 mins, 11 secs. Auto Shutoff: 0.875889
11.531% complete. Max time remaining: 25 mins, 52 secs. Auto Shutoff: 0.589253
12.5681% complete. Max time remaining: 25 mins, 34 secs. Auto Shutoff: 0.173811
13.6663% complete. Max time remaining: 25 mins, 14 secs. Auto Shutoff: 0.0280162
14.7035% complete. Max time remaining: 24 mins, 55 secs. Auto Shutoff: 0.0133422
15.7407% complete. Max time remaining: 24 mins, 37 secs. Auto Shutoff: 0.00682954
16.7779% complete. Max time remaining: 24 mins, 18 secs. Auto Shutoff: 0.00567658
17.815% complete. Max time remaining: 23 mins, 60 secs. Auto Shutoff: 0.00286183
18.8522% complete. Max time remaining: 23 mins, 43 secs. Auto Shutoff: 0.000810017
19.8894% complete. Max time remaining: 23 mins, 24 secs. Auto Shutoff: 0.000327583
20.9266% complete. Max time remaining: 22 mins, 57 secs. Auto Shutoff: 0.000181841
22.0248% complete. Max time remaining: 22 mins, 9 secs. Auto Shutoff: 8.60791e-05
23.1229% complete. Max time remaining: 21 mins, 21 secs. Auto Shutoff: 5.4607e-05
24.2211% complete. Max time remaining: 20 mins, 36 secs. Auto Shutoff: 3.42245e-05
25.3193% complete. Max time remaining: 19 mins, 50 secs. Auto Shutoff: 2.50975e-05
100% complete. Max time remaining: 0 mins, 0 secs. Auto Shutoff: 7.30015e-06
Early termination of simulation, the autoshutoff criteria are satisfied.
Completed 6855 iterations, or 2.613914e-13s of Simulation Time
Process 0 starting to collect data
    collecting monitor data
    collecting source data
Finished collecting data
Simulation completed successfully at: Sat Sep 17 07:17:37 2022
Overall wall time measurements in seconds: 449.503
    time to mesh and initialize: 4.69412
    time to run FDTD simulation: 408.41
    time to checkpoint simulation: 9e-07
    time to finalize data and save to files: 8.49613
    miscellaneous time: 27.9023
    FDTD solver speed on process 0: 6.09796 Mnodes/s
    total FDTD solver speed on 10 processes: 60.9796 Mnodes/s
