Ansys Lumerical 2022 R1 FDTD Solver Version 8.27.2898 (Windows 64bit)
 expires (month/day/year): 1/22/2023
using config file: C:/Users/Photonics/AppData/Roaming/Lumerical/License.ini
license host: 10.230.10.33
current time: Mon Sep 12 08:24:17 2022
Running on host: DESKTOP-27TFSEM
host available memory (GB): 110.892720
All processes are communicating and ready to proceed to simulation...
Running fsp file: C:\Program Files\Lumerical\v221\bin\fdtd-engine-msmpi.exe -t 1 -remote C:/Users/Photonics/Documents/Github/PolSplitter_Optimization/Simulations/FDTD/superopt_0/opts_1/adjoint_0.fsp
Starting meshing
Simulation size in gridpoints: 1 x 52 x 29
Refined 0 mesh cells (0%)
Completed meshing!
Meshing complete in 0.015625 seconds of CPU time
Starting meshing
Simulation size in gridpoints: 1 x 52 x 29
Refined 0 mesh cells (0%)
Completed meshing!
Meshing complete in 0.03125 seconds of CPU time
Starting meshing
Simulation size in gridpoints: 1 x 52 x 29
Refined 0 mesh cells (0%)
Completed meshing!
Meshing complete in 0.015625 seconds of CPU time
number of processors is 5
processors are distributed as: 5x1x1
Running 3D Simulation
Starting meshing
Simulation size in gridpoints: 71 x 236 x 43
Refined 0 mesh cells (0%)
Completed meshing!
Meshing complete in 0.625 seconds of CPU time
0 0
Starting meshing
Simulation size in gridpoints: 71 x 236 x 43
Refined 0 mesh cells (0%)
Completed meshing!
Meshing complete in 0.65625 seconds of CPU time
0 0
Starting meshing
Simulation size in gridpoints: 71 x 236 x 43
Refined 0 mesh cells (0%)
Completed meshing!
Meshing complete in 0.625 seconds of CPU time
0 0
finished material properties
Meshing Time: 1.30622 seconds, Init Electrical Material Time: 0.131602 seconds, Init Magnetic Material Time: 0.0038569
Using selected optimization level: 2
Selecting 3d kernel for splitFieldDirection=0 and optLevel=2
-----------------------------------------
Beginning initialization of 3D Simulation
Starting to add sources to simulation
Adding 3D Mode source propagating in X
Starting to add boundary conditions to simulation
Adding 3D PML BC
Adding 3D Parallel BC
Adding 3D PML BC
Adding 3D PML BC
Adding 3D Symmetric BC
Adding 3D PML BC
Starting to add monitors to Simulation
Adding analysis monitor
Adding 3D DFT monitor
Adding 3D DFT monitor
Adding 3D index monitor
Finished initialization of 3D Simulation
-----------------------------------------
All processes are communicating and ready to proceed to simulation...
Starting 26225 total iterations
0.183031% complete. Max time remaining: 28 mins, 54 secs. Auto Shutoff: 1
1.22021% complete. Max time remaining: 29 mins, 2 secs. Auto Shutoff: 1
2.25738% complete. Max time remaining: 28 mins, 54 secs. Auto Shutoff: 1
3.29456% complete. Max time remaining: 28 mins, 36 secs. Auto Shutoff: 1
4.33174% complete. Max time remaining: 28 mins, 15 secs. Auto Shutoff: 1
5.36891% complete. Max time remaining: 28 mins, 0 secs. Auto Shutoff: 1
6.4671% complete. Max time remaining: 27 mins, 39 secs. Auto Shutoff: 1.01643
7.50428% complete. Max time remaining: 27 mins, 22 secs. Auto Shutoff: 0.957636
8.54146% complete. Max time remaining: 27 mins, 3 secs. Auto Shutoff: 0.921411
9.57863% complete. Max time remaining: 26 mins, 45 secs. Auto Shutoff: 0.914756
10.6158% complete. Max time remaining: 26 mins, 26 secs. Auto Shutoff: 0.886619
11.653% complete. Max time remaining: 26 mins, 7 secs. Auto Shutoff: 0.680585
12.6902% complete. Max time remaining: 25 mins, 48 secs. Auto Shutoff: 0.0848951
13.7273% complete. Max time remaining: 25 mins, 30 secs. Auto Shutoff: 0.0153019
14.7645% complete. Max time remaining: 25 mins, 11 secs. Auto Shutoff: 0.00532462
15.8017% complete. Max time remaining: 24 mins, 54 secs. Auto Shutoff: 0.00407016
16.8389% complete. Max time remaining: 24 mins, 36 secs. Auto Shutoff: 0.00338474
17.876% complete. Max time remaining: 24 mins, 18 secs. Auto Shutoff: 0.0022557
18.9132% complete. Max time remaining: 23 mins, 59 secs. Auto Shutoff: 0.00133255
19.9504% complete. Max time remaining: 23 mins, 40 secs. Auto Shutoff: 0.000699628
20.9876% complete. Max time remaining: 23 mins, 21 secs. Auto Shutoff: 0.000273642
22.0248% complete. Max time remaining: 23 mins, 3 secs. Auto Shutoff: 0.000151664
23.1229% complete. Max time remaining: 22 mins, 30 secs. Auto Shutoff: 8.62245e-05
24.2211% complete. Max time remaining: 21 mins, 49 secs. Auto Shutoff: 6.99103e-05
25.3193% complete. Max time remaining: 21 mins, 11 secs. Auto Shutoff: 4.70697e-05
26.4175% complete. Max time remaining: 20 mins, 34 secs. Auto Shutoff: 1.38051e-05
100% complete. Max time remaining: 0 mins, 0 secs. Auto Shutoff: 7.38334e-06
Early termination of simulation, the autoshutoff criteria are satisfied.
Completed 7057 iterations, or 2.690940e-13s of Simulation Time
Process 0 starting to collect data
    collecting monitor data
    collecting source data
Finished collecting data
Simulation completed successfully at: Mon Sep 12 08:32:01 2022
Overall wall time measurements in seconds: 478.85
    time to mesh and initialize: 6.10974
    time to run FDTD simulation: 448.84
    time to checkpoint simulation: 8e-07
    time to finalize data and save to files: 8.46393
    miscellaneous time: 15.4357
    FDTD solver speed on process 0: 11.3284 Mnodes/s
    total FDTD solver speed on 5 processes: 56.6418 Mnodes/s
